
build/myProject.elf:     file format elf32-avr


Disassembly of section .text:

00000000 <__vectors>:
   0:	0c 94 34 00 	jmp	0x68	; 0x68 <__ctors_end>
   4:	0c 94 51 00 	jmp	0xa2	; 0xa2 <__bad_interrupt>
   8:	0c 94 51 00 	jmp	0xa2	; 0xa2 <__bad_interrupt>
   c:	0c 94 51 00 	jmp	0xa2	; 0xa2 <__bad_interrupt>
  10:	0c 94 51 00 	jmp	0xa2	; 0xa2 <__bad_interrupt>
  14:	0c 94 53 00 	jmp	0xa6	; 0xa6 <__vector_5>
  18:	0c 94 51 00 	jmp	0xa2	; 0xa2 <__bad_interrupt>
  1c:	0c 94 51 00 	jmp	0xa2	; 0xa2 <__bad_interrupt>
  20:	0c 94 51 00 	jmp	0xa2	; 0xa2 <__bad_interrupt>
  24:	0c 94 51 00 	jmp	0xa2	; 0xa2 <__bad_interrupt>
  28:	0c 94 64 01 	jmp	0x2c8	; 0x2c8 <__vector_10>
  2c:	0c 94 bb 00 	jmp	0x176	; 0x176 <__vector_11>
  30:	0c 94 51 00 	jmp	0xa2	; 0xa2 <__bad_interrupt>
  34:	0c 94 2a 01 	jmp	0x254	; 0x254 <__vector_13>
  38:	0c 94 51 00 	jmp	0xa2	; 0xa2 <__bad_interrupt>
  3c:	0c 94 51 00 	jmp	0xa2	; 0xa2 <__bad_interrupt>
  40:	0c 94 51 00 	jmp	0xa2	; 0xa2 <__bad_interrupt>
  44:	0c 94 51 00 	jmp	0xa2	; 0xa2 <__bad_interrupt>
  48:	0c 94 51 00 	jmp	0xa2	; 0xa2 <__bad_interrupt>
  4c:	0c 94 51 00 	jmp	0xa2	; 0xa2 <__bad_interrupt>
  50:	0c 94 51 00 	jmp	0xa2	; 0xa2 <__bad_interrupt>
  54:	0c 94 51 00 	jmp	0xa2	; 0xa2 <__bad_interrupt>
  58:	0c 94 51 00 	jmp	0xa2	; 0xa2 <__bad_interrupt>
  5c:	0c 94 51 00 	jmp	0xa2	; 0xa2 <__bad_interrupt>
  60:	0c 94 51 00 	jmp	0xa2	; 0xa2 <__bad_interrupt>
  64:	0c 94 51 00 	jmp	0xa2	; 0xa2 <__bad_interrupt>

00000068 <__ctors_end>:
  68:	11 24       	eor	r1, r1
  6a:	1f be       	out	0x3f, r1	; 63
  6c:	cf ef       	ldi	r28, 0xFF	; 255
  6e:	d8 e0       	ldi	r29, 0x08	; 8
  70:	de bf       	out	0x3e, r29	; 62
  72:	cd bf       	out	0x3d, r28	; 61

00000074 <__do_copy_data>:
  74:	11 e0       	ldi	r17, 0x01	; 1
  76:	a0 e0       	ldi	r26, 0x00	; 0
  78:	b1 e0       	ldi	r27, 0x01	; 1
  7a:	ee ee       	ldi	r30, 0xEE	; 238
  7c:	fb e0       	ldi	r31, 0x0B	; 11
  7e:	02 c0       	rjmp	.+4      	; 0x84 <__do_copy_data+0x10>
  80:	05 90       	lpm	r0, Z+
  82:	0d 92       	st	X+, r0
  84:	a4 30       	cpi	r26, 0x04	; 4
  86:	b1 07       	cpc	r27, r17
  88:	d9 f7       	brne	.-10     	; 0x80 <__do_copy_data+0xc>

0000008a <__do_clear_bss>:
  8a:	24 e0       	ldi	r18, 0x04	; 4
  8c:	a4 e0       	ldi	r26, 0x04	; 4
  8e:	b1 e0       	ldi	r27, 0x01	; 1
  90:	01 c0       	rjmp	.+2      	; 0x94 <.do_clear_bss_start>

00000092 <.do_clear_bss_loop>:
  92:	1d 92       	st	X+, r1

00000094 <.do_clear_bss_start>:
  94:	a2 3f       	cpi	r26, 0xF2	; 242
  96:	b2 07       	cpc	r27, r18
  98:	e1 f7       	brne	.-8      	; 0x92 <.do_clear_bss_loop>
  9a:	0e 94 9c 04 	call	0x938	; 0x938 <main>
  9e:	0c 94 f5 05 	jmp	0xbea	; 0xbea <_exit>

000000a2 <__bad_interrupt>:
  a2:	0c 94 00 00 	jmp	0	; 0x0 <__vectors>

000000a6 <__vector_5>:
                }
        }
}

ISR(PCINT2_vect)
{
  a6:	1f 92       	push	r1
  a8:	0f 92       	push	r0
  aa:	0f b6       	in	r0, 0x3f	; 63
  ac:	0f 92       	push	r0
  ae:	11 24       	eor	r1, r1
  b0:	2f 93       	push	r18
  b2:	3f 93       	push	r19
  b4:	4f 93       	push	r20
  b6:	5f 93       	push	r21
  b8:	6f 93       	push	r22
  ba:	7f 93       	push	r23
  bc:	8f 93       	push	r24
  be:	9f 93       	push	r25
  c0:	af 93       	push	r26
  c2:	bf 93       	push	r27
  c4:	ef 93       	push	r30
  c6:	ff 93       	push	r31
                if (helper_check_bit(&gpio_portc->input, pin)) 
                        return 1;
                else 
                        return 0;
        case 'D':
                if (helper_check_bit(&gpio_portd->input, pin))
  c8:	4c 99       	sbic	0x09, 4	; 9
  ca:	1e c0       	rjmp	.+60     	; 0x108 <__vector_5+0x62>
        if (gpio_read_inline('D',4) == RECORDING_MODE) {
                mode = RECORDING_MODE;
  cc:	10 92 09 01 	sts	0x0109, r1	; 0x800109 <mode>
                record_done = 1;
  d0:	81 e0       	ldi	r24, 0x01	; 1
  d2:	80 93 00 01 	sts	0x0100, r24	; 0x800100 <__data_start>

                // disable previous timers
                timer0_set_clock_source(STOP_CLOCK);
  d6:	80 e0       	ldi	r24, 0x00	; 0
  d8:	0e 94 4b 03 	call	0x696	; 0x696 <timer0_set_clock_source>
                timer1_set_clock_source(STOP_CLOCK);
  dc:	80 e0       	ldi	r24, 0x00	; 0
  de:	0e 94 1f 04 	call	0x83e	; 0x83e <timer1_set_clock_source>
                timer1_clear_interrupt(COMPARE_MATCH_A);
  e2:	82 e0       	ldi	r24, 0x02	; 2
  e4:	0e 94 67 04 	call	0x8ce	; 0x8ce <timer1_clear_interrupt>

                // enable new timers
                timer1_set_operation_mode(NORMAL_CLOCK);
  e8:	80 e0       	ldi	r24, 0x00	; 0
  ea:	0e 94 cd 03 	call	0x79a	; 0x79a <timer1_set_operation_mode>

                // standby led on
                gpio_write('C',3,GPIO_LOW);
  ee:	40 e0       	ldi	r20, 0x00	; 0
  f0:	63 e0       	ldi	r22, 0x03	; 3
  f2:	83 e4       	ldi	r24, 0x43	; 67
  f4:	0e 94 6a 02 	call	0x4d4	; 0x4d4 <gpio_write>
                gpio_write('C',4,GPIO_LOW);
  f8:	40 e0       	ldi	r20, 0x00	; 0
  fa:	64 e0       	ldi	r22, 0x04	; 4
  fc:	83 e4       	ldi	r24, 0x43	; 67
  fe:	0e 94 6a 02 	call	0x4d4	; 0x4d4 <gpio_write>
                gpio_write('C',5,GPIO_HIGH);                
 102:	41 e0       	ldi	r20, 0x01	; 1
 104:	65 e0       	ldi	r22, 0x05	; 5
 106:	23 c0       	rjmp	.+70     	; 0x14e <__vector_5+0xa8>
        } else {
                mode = PLAYBACK_MODE;
 108:	81 e0       	ldi	r24, 0x01	; 1
 10a:	80 93 09 01 	sts	0x0109, r24	; 0x800109 <mode>

                // disable previous timers
                timer1_set_clock_source(STOP_CLOCK);
 10e:	80 e0       	ldi	r24, 0x00	; 0
 110:	0e 94 1f 04 	call	0x83e	; 0x83e <timer1_set_clock_source>
                timer1_clear_interrupt(OVERFLOW);
 114:	80 e0       	ldi	r24, 0x00	; 0
 116:	0e 94 67 04 	call	0x8ce	; 0x8ce <timer1_clear_interrupt>
                timer1_clear_interrupt(INPUT_CAPTURE);
 11a:	84 e0       	ldi	r24, 0x04	; 4
 11c:	0e 94 67 04 	call	0x8ce	; 0x8ce <timer1_clear_interrupt>

                // enable new timers
                timer0_set_operation_mode(FAST_PWM_OCR);
 120:	82 e0       	ldi	r24, 0x02	; 2
 122:	0e 94 72 03 	call	0x6e4	; 0x6e4 <timer0_set_operation_mode>
                timer0_set_compare_output_mode_A(TOGGLE_ON_MATCH);
 126:	81 e0       	ldi	r24, 0x01	; 1
 128:	0e 94 8f 03 	call	0x71e	; 0x71e <timer0_set_compare_output_mode_A>
void timer1_set_counter_value(uint16_t counter_value);
uint16_t timer1_read_input_capture();

static inline void timer0_set_compare_value_A_inline(uint8_t compare_value)
{
        timer0->output_compare_A = compare_value;
 12c:	89 e1       	ldi	r24, 0x19	; 25
 12e:	87 bd       	out	0x27, r24	; 39
                timer0_set_compare_value_A_inline(25);

                timer1_set_operation_mode(CTC_OCR);
 130:	81 e0       	ldi	r24, 0x01	; 1
 132:	0e 94 cd 03 	call	0x79a	; 0x79a <timer1_set_operation_mode>
                
                // playback led on
                gpio_write('C',5,GPIO_LOW);
 136:	40 e0       	ldi	r20, 0x00	; 0
 138:	65 e0       	ldi	r22, 0x05	; 5
 13a:	83 e4       	ldi	r24, 0x43	; 67
 13c:	0e 94 6a 02 	call	0x4d4	; 0x4d4 <gpio_write>
                gpio_write('C',4,GPIO_LOW);
 140:	40 e0       	ldi	r20, 0x00	; 0
 142:	64 e0       	ldi	r22, 0x04	; 4
 144:	83 e4       	ldi	r24, 0x43	; 67
 146:	0e 94 6a 02 	call	0x4d4	; 0x4d4 <gpio_write>
                gpio_write('C',3,GPIO_HIGH);
 14a:	41 e0       	ldi	r20, 0x01	; 1
 14c:	63 e0       	ldi	r22, 0x03	; 3
 14e:	83 e4       	ldi	r24, 0x43	; 67
 150:	0e 94 6a 02 	call	0x4d4	; 0x4d4 <gpio_write>
        }
}
 154:	ff 91       	pop	r31
 156:	ef 91       	pop	r30
 158:	bf 91       	pop	r27
 15a:	af 91       	pop	r26
 15c:	9f 91       	pop	r25
 15e:	8f 91       	pop	r24
 160:	7f 91       	pop	r23
 162:	6f 91       	pop	r22
 164:	5f 91       	pop	r21
 166:	4f 91       	pop	r20
 168:	3f 91       	pop	r19
 16a:	2f 91       	pop	r18
 16c:	0f 90       	pop	r0
 16e:	0f be       	out	0x3f, r0	; 63
 170:	0f 90       	pop	r0
 172:	1f 90       	pop	r1
 174:	18 95       	reti

00000176 <__vector_11>:

ISR(TIMER1_COMPA_vect)
{
 176:	1f 92       	push	r1
 178:	0f 92       	push	r0
 17a:	0f b6       	in	r0, 0x3f	; 63
 17c:	0f 92       	push	r0
 17e:	11 24       	eor	r1, r1
 180:	2f 93       	push	r18
 182:	3f 93       	push	r19
 184:	4f 93       	push	r20
 186:	5f 93       	push	r21
 188:	6f 93       	push	r22
 18a:	7f 93       	push	r23
 18c:	8f 93       	push	r24
 18e:	9f 93       	push	r25
 190:	af 93       	push	r26
 192:	bf 93       	push	r27
 194:	ef 93       	push	r30
 196:	ff 93       	push	r31
        if (index < index_cap) {
 198:	20 91 07 01 	lds	r18, 0x0107	; 0x800107 <index>
 19c:	30 91 08 01 	lds	r19, 0x0108	; 0x800108 <index+0x1>
 1a0:	80 91 05 01 	lds	r24, 0x0105	; 0x800105 <index_cap>
 1a4:	90 91 06 01 	lds	r25, 0x0106	; 0x800106 <index_cap+0x1>
 1a8:	28 17       	cp	r18, r24
 1aa:	39 07       	cpc	r19, r25
 1ac:	48 f5       	brcc	.+82     	; 0x200 <__vector_11+0x8a>
                if (index % 2 == 0) {
 1ae:	80 91 07 01 	lds	r24, 0x0107	; 0x800107 <index>
 1b2:	90 91 08 01 	lds	r25, 0x0108	; 0x800108 <index+0x1>
 1b6:	80 fd       	sbrc	r24, 0
 1b8:	04 c0       	rjmp	.+8      	; 0x1c2 <__vector_11+0x4c>
                        timer0_set_compare_output_mode_A(TOGGLE_ON_MATCH);
 1ba:	81 e0       	ldi	r24, 0x01	; 1
 1bc:	0e 94 8f 03 	call	0x71e	; 0x71e <timer0_set_compare_output_mode_A>
 1c0:	08 c0       	rjmp	.+16     	; 0x1d2 <__vector_11+0x5c>
                        timer1_set_compare_value_A_inline(pulse_sequence[index++]);
                } else {
                        timer0_set_compare_output_mode_A(NORMAL_PORT);
 1c2:	80 e0       	ldi	r24, 0x00	; 0
 1c4:	0e 94 8f 03 	call	0x71e	; 0x71e <timer0_set_compare_output_mode_A>
                        gpio_write('D',6,GPIO_LOW);
 1c8:	40 e0       	ldi	r20, 0x00	; 0
 1ca:	66 e0       	ldi	r22, 0x06	; 6
 1cc:	84 e4       	ldi	r24, 0x44	; 68
 1ce:	0e 94 6a 02 	call	0x4d4	; 0x4d4 <gpio_write>
                        timer1_set_compare_value_A_inline(pulse_sequence[index++]);
 1d2:	80 91 07 01 	lds	r24, 0x0107	; 0x800107 <index>
 1d6:	90 91 08 01 	lds	r25, 0x0108	; 0x800108 <index+0x1>
 1da:	9c 01       	movw	r18, r24
 1dc:	2f 5f       	subi	r18, 0xFF	; 255
 1de:	3f 4f       	sbci	r19, 0xFF	; 255
 1e0:	30 93 08 01 	sts	0x0108, r19	; 0x800108 <index+0x1>
 1e4:	20 93 07 01 	sts	0x0107, r18	; 0x800107 <index>
 1e8:	88 0f       	add	r24, r24
 1ea:	99 1f       	adc	r25, r25
 1ec:	fc 01       	movw	r30, r24
 1ee:	e6 5f       	subi	r30, 0xF6	; 246
 1f0:	fe 4f       	sbci	r31, 0xFE	; 254
 1f2:	80 81       	ld	r24, Z
 1f4:	91 81       	ldd	r25, Z+1	; 0x01
        return timer1->input_capture;
}

static inline void timer1_set_compare_value_A_inline(uint16_t compare_value)
{
        timer1->output_compare_A = compare_value;
 1f6:	90 93 89 00 	sts	0x0089, r25	; 0x800089 <__DATA_REGION_ORIGIN__+0x29>
 1fa:	80 93 88 00 	sts	0x0088, r24	; 0x800088 <__DATA_REGION_ORIGIN__+0x28>
 1fe:	19 c0       	rjmp	.+50     	; 0x232 <__vector_11+0xbc>
                }
        } else {
                timer1_set_clock_source(STOP_CLOCK);
 200:	80 e0       	ldi	r24, 0x00	; 0
 202:	0e 94 1f 04 	call	0x83e	; 0x83e <timer1_set_clock_source>
                timer0_set_clock_source(STOP_CLOCK);
 206:	80 e0       	ldi	r24, 0x00	; 0
 208:	0e 94 4b 03 	call	0x696	; 0x696 <timer0_set_clock_source>
                timer1_clear_interrupt(COMPARE_MATCH_A);
 20c:	82 e0       	ldi	r24, 0x02	; 2
 20e:	0e 94 67 04 	call	0x8ce	; 0x8ce <timer1_clear_interrupt>
                
                timer0_set_compare_output_mode_A(NORMAL_PORT);
 212:	80 e0       	ldi	r24, 0x00	; 0
 214:	0e 94 8f 03 	call	0x71e	; 0x71e <timer0_set_compare_output_mode_A>
                gpio_write('D',6,GPIO_LOW);
 218:	40 e0       	ldi	r20, 0x00	; 0
 21a:	66 e0       	ldi	r22, 0x06	; 6
 21c:	84 e4       	ldi	r24, 0x44	; 68
 21e:	0e 94 6a 02 	call	0x4d4	; 0x4d4 <gpio_write>
                
                playback_done = 1;
 222:	81 e0       	ldi	r24, 0x01	; 1
 224:	80 93 03 01 	sts	0x0103, r24	; 0x800103 <playback_done>
                gpio_write('C',3,GPIO_HIGH);
 228:	41 e0       	ldi	r20, 0x01	; 1
 22a:	63 e0       	ldi	r22, 0x03	; 3
 22c:	83 e4       	ldi	r24, 0x43	; 67
 22e:	0e 94 6a 02 	call	0x4d4	; 0x4d4 <gpio_write>
        }
}
 232:	ff 91       	pop	r31
 234:	ef 91       	pop	r30
 236:	bf 91       	pop	r27
 238:	af 91       	pop	r26
 23a:	9f 91       	pop	r25
 23c:	8f 91       	pop	r24
 23e:	7f 91       	pop	r23
 240:	6f 91       	pop	r22
 242:	5f 91       	pop	r21
 244:	4f 91       	pop	r20
 246:	3f 91       	pop	r19
 248:	2f 91       	pop	r18
 24a:	0f 90       	pop	r0
 24c:	0f be       	out	0x3f, r0	; 63
 24e:	0f 90       	pop	r0
 250:	1f 90       	pop	r1
 252:	18 95       	reti

00000254 <__vector_13>:

ISR(TIMER1_OVF_vect)
{
 254:	1f 92       	push	r1
 256:	0f 92       	push	r0
 258:	0f b6       	in	r0, 0x3f	; 63
 25a:	0f 92       	push	r0
 25c:	11 24       	eor	r1, r1
 25e:	2f 93       	push	r18
 260:	3f 93       	push	r19
 262:	4f 93       	push	r20
 264:	5f 93       	push	r21
 266:	6f 93       	push	r22
 268:	7f 93       	push	r23
 26a:	8f 93       	push	r24
 26c:	9f 93       	push	r25
 26e:	af 93       	push	r26
 270:	bf 93       	push	r27
 272:	ef 93       	push	r30
 274:	ff 93       	push	r31
        timer1_clear_interrupt(INPUT_CAPTURE);
 276:	84 e0       	ldi	r24, 0x04	; 4
 278:	0e 94 67 04 	call	0x8ce	; 0x8ce <timer1_clear_interrupt>
        timer1_set_clock_source(STOP_CLOCK);
 27c:	80 e0       	ldi	r24, 0x00	; 0
 27e:	0e 94 1f 04 	call	0x83e	; 0x83e <timer1_set_clock_source>
        timer1_clear_interrupt(OVERFLOW); 
 282:	80 e0       	ldi	r24, 0x00	; 0
 284:	0e 94 67 04 	call	0x8ce	; 0x8ce <timer1_clear_interrupt>
        record_done = 1;
 288:	81 e0       	ldi	r24, 0x01	; 1
 28a:	80 93 00 01 	sts	0x0100, r24	; 0x800100 <__data_start>
        need_post_processing = 1;
 28e:	80 93 04 01 	sts	0x0104, r24	; 0x800104 <__data_end>
        // change state of record and standby led
        gpio_write('C',5,GPIO_HIGH);
 292:	41 e0       	ldi	r20, 0x01	; 1
 294:	65 e0       	ldi	r22, 0x05	; 5
 296:	83 e4       	ldi	r24, 0x43	; 67
 298:	0e 94 6a 02 	call	0x4d4	; 0x4d4 <gpio_write>
        gpio_write('C',4,GPIO_LOW);
 29c:	40 e0       	ldi	r20, 0x00	; 0
 29e:	64 e0       	ldi	r22, 0x04	; 4
 2a0:	83 e4       	ldi	r24, 0x43	; 67
 2a2:	0e 94 6a 02 	call	0x4d4	; 0x4d4 <gpio_write>
}
 2a6:	ff 91       	pop	r31
 2a8:	ef 91       	pop	r30
 2aa:	bf 91       	pop	r27
 2ac:	af 91       	pop	r26
 2ae:	9f 91       	pop	r25
 2b0:	8f 91       	pop	r24
 2b2:	7f 91       	pop	r23
 2b4:	6f 91       	pop	r22
 2b6:	5f 91       	pop	r21
 2b8:	4f 91       	pop	r20
 2ba:	3f 91       	pop	r19
 2bc:	2f 91       	pop	r18
 2be:	0f 90       	pop	r0
 2c0:	0f be       	out	0x3f, r0	; 63
 2c2:	0f 90       	pop	r0
 2c4:	1f 90       	pop	r1
 2c6:	18 95       	reti

000002c8 <__vector_10>:

ISR(TIMER1_CAPT_vect)
{
 2c8:	1f 92       	push	r1
 2ca:	0f 92       	push	r0
 2cc:	0f b6       	in	r0, 0x3f	; 63
 2ce:	0f 92       	push	r0
 2d0:	11 24       	eor	r1, r1
 2d2:	2f 93       	push	r18
 2d4:	3f 93       	push	r19
 2d6:	4f 93       	push	r20
 2d8:	5f 93       	push	r21
 2da:	6f 93       	push	r22
 2dc:	7f 93       	push	r23
 2de:	8f 93       	push	r24
 2e0:	9f 93       	push	r25
 2e2:	af 93       	push	r26
 2e4:	bf 93       	push	r27
 2e6:	ef 93       	push	r30
 2e8:	ff 93       	push	r31
        pulse_sequence[index++] = timer1_read_input_capture_inline();
 2ea:	80 91 07 01 	lds	r24, 0x0107	; 0x800107 <index>
 2ee:	90 91 08 01 	lds	r25, 0x0108	; 0x800108 <index+0x1>
 2f2:	9c 01       	movw	r18, r24
 2f4:	2f 5f       	subi	r18, 0xFF	; 255
 2f6:	3f 4f       	sbci	r19, 0xFF	; 255
 2f8:	30 93 08 01 	sts	0x0108, r19	; 0x800108 <index+0x1>
 2fc:	20 93 07 01 	sts	0x0107, r18	; 0x800107 <index>
        timer1->counter = counter_value;
}

static inline uint16_t timer1_read_input_capture_inline()
{
        return timer1->input_capture;
 300:	20 91 86 00 	lds	r18, 0x0086	; 0x800086 <__DATA_REGION_ORIGIN__+0x26>
 304:	30 91 87 00 	lds	r19, 0x0087	; 0x800087 <__DATA_REGION_ORIGIN__+0x27>
 308:	88 0f       	add	r24, r24
 30a:	99 1f       	adc	r25, r25
 30c:	fc 01       	movw	r30, r24
 30e:	e6 5f       	subi	r30, 0xF6	; 246
 310:	fe 4f       	sbci	r31, 0xFE	; 254
 312:	31 83       	std	Z+1, r19	; 0x01
 314:	20 83       	st	Z, r18
        if (gpio_read('B',0) == GPIO_LOW)
 316:	60 e0       	ldi	r22, 0x00	; 0
 318:	82 e4       	ldi	r24, 0x42	; 66
 31a:	0e 94 c1 02 	call	0x582	; 0x582 <gpio_read>
 31e:	81 11       	cpse	r24, r1
 320:	04 c0       	rjmp	.+8      	; 0x32a <__vector_10+0x62>

#include <stdint.h>

static inline void helper_set_bit(volatile uint8_t *regs, uint8_t bit_position)
{
        *regs |= (1 << bit_position);
 322:	80 91 81 00 	lds	r24, 0x0081	; 0x800081 <__DATA_REGION_ORIGIN__+0x21>
 326:	80 64       	ori	r24, 0x40	; 64
 328:	03 c0       	rjmp	.+6      	; 0x330 <__vector_10+0x68>
}

static inline void helper_clear_bit(volatile uint8_t *regs, uint8_t bit_position)
{
        *regs &= ~(1 << bit_position);
 32a:	80 91 81 00 	lds	r24, 0x0081	; 0x800081 <__DATA_REGION_ORIGIN__+0x21>
 32e:	8f 7b       	andi	r24, 0xBF	; 191
 330:	80 93 81 00 	sts	0x0081, r24	; 0x800081 <__DATA_REGION_ORIGIN__+0x21>

#include <stdint.h>

static inline void helper_set_bit(volatile uint8_t *regs, uint8_t bit_position)
{
        *regs |= (1 << bit_position);
 334:	80 91 81 00 	lds	r24, 0x0081	; 0x800081 <__DATA_REGION_ORIGIN__+0x21>
 338:	82 60       	ori	r24, 0x02	; 2
 33a:	80 93 81 00 	sts	0x0081, r24	; 0x800081 <__DATA_REGION_ORIGIN__+0x21>
        }
}

static inline void timer1_set_counter_value_inline(uint16_t counter_value)
{
        timer1->counter = counter_value;
 33e:	10 92 85 00 	sts	0x0085, r1	; 0x800085 <__DATA_REGION_ORIGIN__+0x25>
 342:	10 92 84 00 	sts	0x0084, r1	; 0x800084 <__DATA_REGION_ORIGIN__+0x24>
                timer1_set_input_capture_edge_inline(RISING_EDGE);
        else 
                timer1_set_input_capture_edge_inline(FALLING_EDGE);
        timer1_set_clock_source_inline(PRESCALER_8);
        timer1_set_counter_value_inline(0);
}
 346:	ff 91       	pop	r31
 348:	ef 91       	pop	r30
 34a:	bf 91       	pop	r27
 34c:	af 91       	pop	r26
 34e:	9f 91       	pop	r25
 350:	8f 91       	pop	r24
 352:	7f 91       	pop	r23
 354:	6f 91       	pop	r22
 356:	5f 91       	pop	r21
 358:	4f 91       	pop	r20
 35a:	3f 91       	pop	r19
 35c:	2f 91       	pop	r18
 35e:	0f 90       	pop	r0
 360:	0f be       	out	0x3f, r0	; 63
 362:	0f 90       	pop	r0
 364:	1f 90       	pop	r1
 366:	18 95       	reti

00000368 <uart_transmit_char>:
}


static inline uint8_t helper_check_bit(volatile uint8_t *regs, uint8_t bit_position)
{
        return (*regs & (1 << bit_position));
 368:	90 91 c0 00 	lds	r25, 0x00C0	; 0x8000c0 <__DATA_REGION_ORIGIN__+0x60>
        uart_set_stop_bits(stop_bit);
}

void uart_transmit_char(uint8_t character)
{
        while (!is_transmit_buffer_empty());
 36c:	95 ff       	sbrs	r25, 5
 36e:	fc cf       	rjmp	.-8      	; 0x368 <uart_transmit_char>
        uart->data = character;
 370:	80 93 c6 00 	sts	0x00C6, r24	; 0x8000c6 <__DATA_REGION_ORIGIN__+0x66>
 374:	08 95       	ret

00000376 <uart_transmit_number>:
}

void uart_transmit_number(uint16_t number)
{
 376:	1f 93       	push	r17
 378:	cf 93       	push	r28
 37a:	df 93       	push	r29
 37c:	00 d0       	rcall	.+0      	; 0x37e <uart_transmit_number+0x8>
 37e:	00 d0       	rcall	.+0      	; 0x380 <uart_transmit_number+0xa>
 380:	1f 92       	push	r1
 382:	cd b7       	in	r28, 0x3d	; 61
 384:	de b7       	in	r29, 0x3e	; 62
        if (number == 0) {
 386:	00 97       	sbiw	r24, 0x00	; 0
 388:	59 f4       	brne	.+22     	; 0x3a0 <uart_transmit_number+0x2a>
                uart_transmit_char('0');
 38a:	80 e3       	ldi	r24, 0x30	; 48
                }

                for (int8_t j = i - 1; j >= 0; j--)
                        uart_transmit_char(digit[j]);
        }
}
 38c:	0f 90       	pop	r0
 38e:	0f 90       	pop	r0
 390:	0f 90       	pop	r0
 392:	0f 90       	pop	r0
 394:	0f 90       	pop	r0
 396:	df 91       	pop	r29
 398:	cf 91       	pop	r28
 39a:	1f 91       	pop	r17
}

void uart_transmit_number(uint16_t number)
{
        if (number == 0) {
                uart_transmit_char('0');
 39c:	0c 94 b4 01 	jmp	0x368	; 0x368 <uart_transmit_char>
 3a0:	10 e0       	ldi	r17, 0x00	; 0
        } else {
                uint8_t digit[5];
                uint8_t i = 0;
                while (number > 0) {
                        digit[i++] = number % 10 + '0';
 3a2:	2a e0       	ldi	r18, 0x0A	; 10
 3a4:	30 e0       	ldi	r19, 0x00	; 0
 3a6:	41 e0       	ldi	r20, 0x01	; 1
 3a8:	41 0f       	add	r20, r17
 3aa:	e1 e0       	ldi	r30, 0x01	; 1
 3ac:	f0 e0       	ldi	r31, 0x00	; 0
 3ae:	ec 0f       	add	r30, r28
 3b0:	fd 1f       	adc	r31, r29
 3b2:	e1 0f       	add	r30, r17
 3b4:	f1 1d       	adc	r31, r1
 3b6:	b9 01       	movw	r22, r18
 3b8:	0e 94 bf 05 	call	0xb7e	; 0xb7e <__udivmodhi4>
 3bc:	80 5d       	subi	r24, 0xD0	; 208
 3be:	80 83       	st	Z, r24
                        number /= 10;
 3c0:	cb 01       	movw	r24, r22
        if (number == 0) {
                uart_transmit_char('0');
        } else {
                uint8_t digit[5];
                uint8_t i = 0;
                while (number > 0) {
 3c2:	00 97       	sbiw	r24, 0x00	; 0
 3c4:	11 f0       	breq	.+4      	; 0x3ca <uart_transmit_number+0x54>
                        digit[i++] = number % 10 + '0';
 3c6:	14 2f       	mov	r17, r20
 3c8:	ee cf       	rjmp	.-36     	; 0x3a6 <uart_transmit_number+0x30>
                        number /= 10;
                }

                for (int8_t j = i - 1; j >= 0; j--)
 3ca:	17 fd       	sbrc	r17, 7
 3cc:	0d c0       	rjmp	.+26     	; 0x3e8 <uart_transmit_number+0x72>
                        uart_transmit_char(digit[j]);
 3ce:	e1 e0       	ldi	r30, 0x01	; 1
 3d0:	f0 e0       	ldi	r31, 0x00	; 0
 3d2:	ec 0f       	add	r30, r28
 3d4:	fd 1f       	adc	r31, r29
 3d6:	e1 0f       	add	r30, r17
 3d8:	f1 1d       	adc	r31, r1
 3da:	17 fd       	sbrc	r17, 7
 3dc:	fa 95       	dec	r31
 3de:	80 81       	ld	r24, Z
 3e0:	0e 94 b4 01 	call	0x368	; 0x368 <uart_transmit_char>
 3e4:	11 50       	subi	r17, 0x01	; 1
 3e6:	f1 cf       	rjmp	.-30     	; 0x3ca <uart_transmit_number+0x54>
        }
}
 3e8:	0f 90       	pop	r0
 3ea:	0f 90       	pop	r0
 3ec:	0f 90       	pop	r0
 3ee:	0f 90       	pop	r0
 3f0:	0f 90       	pop	r0
 3f2:	df 91       	pop	r29
 3f4:	cf 91       	pop	r28
 3f6:	1f 91       	pop	r17
 3f8:	08 95       	ret

000003fa <uart_transmit_string>:

void uart_transmit_string(char *string)
{
 3fa:	cf 93       	push	r28
 3fc:	df 93       	push	r29
 3fe:	ec 01       	movw	r28, r24
        while (*string) {
 400:	89 91       	ld	r24, Y+
 402:	88 23       	and	r24, r24
 404:	19 f0       	breq	.+6      	; 0x40c <__LOCK_REGION_LENGTH__+0xc>
                uart_transmit_char(*string);
 406:	0e 94 b4 01 	call	0x368	; 0x368 <uart_transmit_char>
 40a:	fa cf       	rjmp	.-12     	; 0x400 <__LOCK_REGION_LENGTH__>
                string++;
        }

}
 40c:	df 91       	pop	r29
 40e:	cf 91       	pop	r28
 410:	08 95       	ret

00000412 <uart_transmit_line>:

void uart_transmit_line()
{
        uart_transmit_char('\n');
 412:	8a e0       	ldi	r24, 0x0A	; 10
 414:	0c 94 b4 01 	jmp	0x368	; 0x368 <uart_transmit_char>

00000418 <uart_set_baud_rate>:
}

void uart_set_baud_rate(uint16_t baud)
{
        uart->baud_rate = FOSC/16/baud - 1;
 418:	9c 01       	movw	r18, r24
 41a:	40 e0       	ldi	r20, 0x00	; 0
 41c:	50 e0       	ldi	r21, 0x00	; 0
 41e:	60 e4       	ldi	r22, 0x40	; 64
 420:	72 e4       	ldi	r23, 0x42	; 66
 422:	8f e0       	ldi	r24, 0x0F	; 15
 424:	90 e0       	ldi	r25, 0x00	; 0
 426:	0e 94 d3 05 	call	0xba6	; 0xba6 <__udivmodsi4>
 42a:	21 50       	subi	r18, 0x01	; 1
 42c:	31 09       	sbc	r19, r1
 42e:	30 93 c5 00 	sts	0x00C5, r19	; 0x8000c5 <__DATA_REGION_ORIGIN__+0x65>
 432:	20 93 c4 00 	sts	0x00C4, r18	; 0x8000c4 <__DATA_REGION_ORIGIN__+0x64>
 436:	08 95       	ret

00000438 <uart_set_receiver>:
}

void uart_set_receiver(uint8_t enable)
{
        if (enable) 
 438:	88 23       	and	r24, r24
 43a:	21 f0       	breq	.+8      	; 0x444 <uart_set_receiver+0xc>

#include <stdint.h>

static inline void helper_set_bit(volatile uint8_t *regs, uint8_t bit_position)
{
        *regs |= (1 << bit_position);
 43c:	80 91 c1 00 	lds	r24, 0x00C1	; 0x8000c1 <__DATA_REGION_ORIGIN__+0x61>
 440:	80 61       	ori	r24, 0x10	; 16
 442:	03 c0       	rjmp	.+6      	; 0x44a <uart_set_receiver+0x12>
}

static inline void helper_clear_bit(volatile uint8_t *regs, uint8_t bit_position)
{
        *regs &= ~(1 << bit_position);
 444:	80 91 c1 00 	lds	r24, 0x00C1	; 0x8000c1 <__DATA_REGION_ORIGIN__+0x61>
 448:	8f 7e       	andi	r24, 0xEF	; 239
 44a:	80 93 c1 00 	sts	0x00C1, r24	; 0x8000c1 <__DATA_REGION_ORIGIN__+0x61>
 44e:	08 95       	ret

00000450 <uart_set_transmitter>:
                helper_clear_bit(&uart->control_and_status_B, RXEN0);
}

void uart_set_transmitter(uint8_t enable)
{
        if (enable) 
 450:	88 23       	and	r24, r24
 452:	21 f0       	breq	.+8      	; 0x45c <uart_set_transmitter+0xc>

#include <stdint.h>

static inline void helper_set_bit(volatile uint8_t *regs, uint8_t bit_position)
{
        *regs |= (1 << bit_position);
 454:	80 91 c1 00 	lds	r24, 0x00C1	; 0x8000c1 <__DATA_REGION_ORIGIN__+0x61>
 458:	88 60       	ori	r24, 0x08	; 8
 45a:	03 c0       	rjmp	.+6      	; 0x462 <uart_set_transmitter+0x12>
}

static inline void helper_clear_bit(volatile uint8_t *regs, uint8_t bit_position)
{
        *regs &= ~(1 << bit_position);
 45c:	80 91 c1 00 	lds	r24, 0x00C1	; 0x8000c1 <__DATA_REGION_ORIGIN__+0x61>
 460:	87 7f       	andi	r24, 0xF7	; 247
 462:	80 93 c1 00 	sts	0x00C1, r24	; 0x8000c1 <__DATA_REGION_ORIGIN__+0x61>
 466:	08 95       	ret

00000468 <uart_set_data_bits>:
                helper_clear_bit(&uart->control_and_status_B, TXEN0);
}

void uart_set_data_bits(uint8_t data_bits)
{
        switch (data_bits) {
 468:	81 11       	cpse	r24, r1
 46a:	0a c0       	rjmp	.+20     	; 0x480 <uart_set_data_bits+0x18>

#include <stdint.h>

static inline void helper_set_bit(volatile uint8_t *regs, uint8_t bit_position)
{
        *regs |= (1 << bit_position);
 46c:	80 91 c2 00 	lds	r24, 0x00C2	; 0x8000c2 <__DATA_REGION_ORIGIN__+0x62>
 470:	82 60       	ori	r24, 0x02	; 2
 472:	80 93 c2 00 	sts	0x00C2, r24	; 0x8000c2 <__DATA_REGION_ORIGIN__+0x62>
 476:	80 91 c2 00 	lds	r24, 0x00C2	; 0x8000c2 <__DATA_REGION_ORIGIN__+0x62>
 47a:	84 60       	ori	r24, 0x04	; 4
 47c:	80 93 c2 00 	sts	0x00C2, r24	; 0x8000c2 <__DATA_REGION_ORIGIN__+0x62>
 480:	08 95       	ret

00000482 <uart_set_stop_bits>:
        }
}

void uart_set_stop_bits(uint8_t stop_bits)
{
        switch (stop_bits) {
 482:	88 23       	and	r24, r24
 484:	19 f0       	breq	.+6      	; 0x48c <uart_set_stop_bits+0xa>
 486:	81 30       	cpi	r24, 0x01	; 1
 488:	29 f0       	breq	.+10     	; 0x494 <uart_set_stop_bits+0x12>
 48a:	08 95       	ret
}

static inline void helper_clear_bit(volatile uint8_t *regs, uint8_t bit_position)
{
        *regs &= ~(1 << bit_position);
 48c:	80 91 c2 00 	lds	r24, 0x00C2	; 0x8000c2 <__DATA_REGION_ORIGIN__+0x62>
 490:	87 7f       	andi	r24, 0xF7	; 247
 492:	03 c0       	rjmp	.+6      	; 0x49a <uart_set_stop_bits+0x18>

#include <stdint.h>

static inline void helper_set_bit(volatile uint8_t *regs, uint8_t bit_position)
{
        *regs |= (1 << bit_position);
 494:	80 91 c2 00 	lds	r24, 0x00C2	; 0x8000c2 <__DATA_REGION_ORIGIN__+0x62>
 498:	88 60       	ori	r24, 0x08	; 8
 49a:	80 93 c2 00 	sts	0x00C2, r24	; 0x8000c2 <__DATA_REGION_ORIGIN__+0x62>
 49e:	08 95       	ret

000004a0 <uart_init>:


void uart_init(uint16_t baud, 
                uint8_t receiver_config, uint8_t transmitter_config,
                uint8_t data_bit, uint8_t stop_bit)
{
 4a0:	0f 93       	push	r16
 4a2:	1f 93       	push	r17
 4a4:	cf 93       	push	r28
 4a6:	df 93       	push	r29
 4a8:	16 2f       	mov	r17, r22
 4aa:	d4 2f       	mov	r29, r20
 4ac:	c2 2f       	mov	r28, r18
        uart_set_baud_rate(baud);
 4ae:	0e 94 0c 02 	call	0x418	; 0x418 <uart_set_baud_rate>
        uart_set_receiver(receiver_config);
 4b2:	81 2f       	mov	r24, r17
 4b4:	0e 94 1c 02 	call	0x438	; 0x438 <uart_set_receiver>
        uart_set_transmitter(transmitter_config);
 4b8:	8d 2f       	mov	r24, r29
 4ba:	0e 94 28 02 	call	0x450	; 0x450 <uart_set_transmitter>
        uart_set_data_bits(data_bit);
 4be:	8c 2f       	mov	r24, r28
 4c0:	0e 94 34 02 	call	0x468	; 0x468 <uart_set_data_bits>
        uart_set_stop_bits(stop_bit);
 4c4:	80 2f       	mov	r24, r16
}
 4c6:	df 91       	pop	r29
 4c8:	cf 91       	pop	r28
 4ca:	1f 91       	pop	r17
 4cc:	0f 91       	pop	r16
{
        uart_set_baud_rate(baud);
        uart_set_receiver(receiver_config);
        uart_set_transmitter(transmitter_config);
        uart_set_data_bits(data_bit);
        uart_set_stop_bits(stop_bit);
 4ce:	0c 94 41 02 	jmp	0x482	; 0x482 <uart_set_stop_bits>

000004d2 <transmit_number>:
{
        return helper_check_bit(&uart->control_and_status_A, UDRE0);
}

void transmit_number(uint16_t number)
{
 4d2:	08 95       	ret

000004d4 <gpio_write>:
#include "gpio.h"
#include <avr/io.h>

void gpio_write(uint8_t port, uint8_t pin, uint8_t value)
{
        switch (port) {
 4d4:	83 34       	cpi	r24, 0x43	; 67
 4d6:	99 f0       	breq	.+38     	; 0x4fe <gpio_write+0x2a>
 4d8:	84 34       	cpi	r24, 0x44	; 68
 4da:	01 f1       	breq	.+64     	; 0x51c <gpio_write+0x48>
 4dc:	82 34       	cpi	r24, 0x42	; 66
 4de:	61 f5       	brne	.+88     	; 0x538 <gpio_write+0x64>
 4e0:	25 b1       	in	r18, 0x05	; 5
 4e2:	81 e0       	ldi	r24, 0x01	; 1
 4e4:	90 e0       	ldi	r25, 0x00	; 0
 4e6:	01 c0       	rjmp	.+2      	; 0x4ea <gpio_write+0x16>
 4e8:	88 0f       	add	r24, r24
 4ea:	6a 95       	dec	r22
 4ec:	ea f7       	brpl	.-6      	; 0x4e8 <gpio_write+0x14>
        case 'B':
                if (value == GPIO_HIGH)
 4ee:	41 30       	cpi	r20, 0x01	; 1
 4f0:	11 f4       	brne	.+4      	; 0x4f6 <gpio_write+0x22>
 4f2:	82 2b       	or	r24, r18
 4f4:	02 c0       	rjmp	.+4      	; 0x4fa <gpio_write+0x26>
}

static inline void helper_clear_bit(volatile uint8_t *regs, uint8_t bit_position)
{
        *regs &= ~(1 << bit_position);
 4f6:	80 95       	com	r24
 4f8:	82 23       	and	r24, r18
 4fa:	85 b9       	out	0x05, r24	; 5
 4fc:	08 95       	ret

#include <stdint.h>

static inline void helper_set_bit(volatile uint8_t *regs, uint8_t bit_position)
{
        *regs |= (1 << bit_position);
 4fe:	28 b1       	in	r18, 0x08	; 8
 500:	81 e0       	ldi	r24, 0x01	; 1
 502:	90 e0       	ldi	r25, 0x00	; 0
 504:	01 c0       	rjmp	.+2      	; 0x508 <gpio_write+0x34>
 506:	88 0f       	add	r24, r24
 508:	6a 95       	dec	r22
 50a:	ea f7       	brpl	.-6      	; 0x506 <gpio_write+0x32>
                        helper_set_bit(&gpio_portb->output, pin);
                else 
                        helper_clear_bit(&gpio_portb->output, pin); 
                break;
        case 'C':
                if (value == GPIO_HIGH)
 50c:	41 30       	cpi	r20, 0x01	; 1
 50e:	11 f4       	brne	.+4      	; 0x514 <gpio_write+0x40>
 510:	82 2b       	or	r24, r18
 512:	02 c0       	rjmp	.+4      	; 0x518 <gpio_write+0x44>
}

static inline void helper_clear_bit(volatile uint8_t *regs, uint8_t bit_position)
{
        *regs &= ~(1 << bit_position);
 514:	80 95       	com	r24
 516:	82 23       	and	r24, r18
 518:	88 b9       	out	0x08, r24	; 8
 51a:	08 95       	ret

#include <stdint.h>

static inline void helper_set_bit(volatile uint8_t *regs, uint8_t bit_position)
{
        *regs |= (1 << bit_position);
 51c:	2b b1       	in	r18, 0x0b	; 11
 51e:	81 e0       	ldi	r24, 0x01	; 1
 520:	90 e0       	ldi	r25, 0x00	; 0
 522:	01 c0       	rjmp	.+2      	; 0x526 <gpio_write+0x52>
 524:	88 0f       	add	r24, r24
 526:	6a 95       	dec	r22
 528:	ea f7       	brpl	.-6      	; 0x524 <gpio_write+0x50>
                        helper_set_bit(&gpio_portc->output, pin);
                else 
                        helper_clear_bit(&gpio_portc->output, pin); 
                break;
        case 'D':
                if (value == GPIO_HIGH)
 52a:	41 30       	cpi	r20, 0x01	; 1
 52c:	11 f4       	brne	.+4      	; 0x532 <gpio_write+0x5e>
 52e:	82 2b       	or	r24, r18
 530:	02 c0       	rjmp	.+4      	; 0x536 <gpio_write+0x62>
}

static inline void helper_clear_bit(volatile uint8_t *regs, uint8_t bit_position)
{
        *regs &= ~(1 << bit_position);
 532:	80 95       	com	r24
 534:	82 23       	and	r24, r18
 536:	8b b9       	out	0x0b, r24	; 11
 538:	08 95       	ret

0000053a <gpio_toggle>:
        }
}

void gpio_toggle(uint8_t port, uint8_t pin)
{
        switch (port) {
 53a:	83 34       	cpi	r24, 0x43	; 67
 53c:	71 f0       	breq	.+28     	; 0x55a <gpio_toggle+0x20>
 53e:	84 34       	cpi	r24, 0x44	; 68
 540:	b1 f0       	breq	.+44     	; 0x56e <gpio_toggle+0x34>
 542:	82 34       	cpi	r24, 0x42	; 66
 544:	e9 f4       	brne	.+58     	; 0x580 <gpio_toggle+0x46>
        case 'B':
                gpio_portb->output ^= (1 << pin);
 546:	25 b1       	in	r18, 0x05	; 5
 548:	81 e0       	ldi	r24, 0x01	; 1
 54a:	90 e0       	ldi	r25, 0x00	; 0
 54c:	01 c0       	rjmp	.+2      	; 0x550 <gpio_toggle+0x16>
 54e:	88 0f       	add	r24, r24
 550:	6a 95       	dec	r22
 552:	ea f7       	brpl	.-6      	; 0x54e <gpio_toggle+0x14>
 554:	82 27       	eor	r24, r18
 556:	85 b9       	out	0x05, r24	; 5
                break;
 558:	08 95       	ret
        case 'C':
                gpio_portc->output ^= (1 << pin);
 55a:	28 b1       	in	r18, 0x08	; 8
 55c:	81 e0       	ldi	r24, 0x01	; 1
 55e:	90 e0       	ldi	r25, 0x00	; 0
 560:	01 c0       	rjmp	.+2      	; 0x564 <gpio_toggle+0x2a>
 562:	88 0f       	add	r24, r24
 564:	6a 95       	dec	r22
 566:	ea f7       	brpl	.-6      	; 0x562 <gpio_toggle+0x28>
 568:	82 27       	eor	r24, r18
 56a:	88 b9       	out	0x08, r24	; 8
                break;
 56c:	08 95       	ret
        case 'D':
                gpio_portd->output ^= (1 << pin);
 56e:	2b b1       	in	r18, 0x0b	; 11
 570:	81 e0       	ldi	r24, 0x01	; 1
 572:	90 e0       	ldi	r25, 0x00	; 0
 574:	01 c0       	rjmp	.+2      	; 0x578 <gpio_toggle+0x3e>
 576:	88 0f       	add	r24, r24
 578:	6a 95       	dec	r22
 57a:	ea f7       	brpl	.-6      	; 0x576 <gpio_toggle+0x3c>
 57c:	82 27       	eor	r24, r18
 57e:	8b b9       	out	0x0b, r24	; 11
 580:	08 95       	ret

00000582 <gpio_read>:

}

uint8_t gpio_read(uint8_t port, uint8_t pin)
{
        switch (port) {
 582:	83 34       	cpi	r24, 0x43	; 67
 584:	31 f0       	breq	.+12     	; 0x592 <gpio_read+0x10>
 586:	84 34       	cpi	r24, 0x44	; 68
 588:	31 f0       	breq	.+12     	; 0x596 <gpio_read+0x14>
 58a:	82 34       	cpi	r24, 0x42	; 66
 58c:	89 f4       	brne	.+34     	; 0x5b0 <gpio_read+0x2e>
}


static inline uint8_t helper_check_bit(volatile uint8_t *regs, uint8_t bit_position)
{
        return (*regs & (1 << bit_position));
 58e:	23 b1       	in	r18, 0x03	; 3
 590:	03 c0       	rjmp	.+6      	; 0x598 <gpio_read+0x16>
 592:	26 b1       	in	r18, 0x06	; 6
 594:	01 c0       	rjmp	.+2      	; 0x598 <gpio_read+0x16>
 596:	29 b1       	in	r18, 0x09	; 9
        case 'B':
                if (helper_check_bit(&gpio_portb->input, pin)) 
                        return 1;
 598:	81 e0       	ldi	r24, 0x01	; 1
 59a:	90 e0       	ldi	r25, 0x00	; 0
 59c:	01 c0       	rjmp	.+2      	; 0x5a0 <gpio_read+0x1e>
 59e:	88 0f       	add	r24, r24
 5a0:	6a 95       	dec	r22
 5a2:	ea f7       	brpl	.-6      	; 0x59e <gpio_read+0x1c>
 5a4:	92 2f       	mov	r25, r18
 5a6:	98 23       	and	r25, r24
 5a8:	81 e0       	ldi	r24, 0x01	; 1
 5aa:	19 f4       	brne	.+6      	; 0x5b2 <gpio_read+0x30>
 5ac:	80 e0       	ldi	r24, 0x00	; 0
 5ae:	08 95       	ret
                if (helper_check_bit(&gpio_portd->input, pin))
                        return 1;
                else 
                        return 0;
        }
        return -1;
 5b0:	8f ef       	ldi	r24, 0xFF	; 255
}
 5b2:	08 95       	ret

000005b4 <gpio_enable_pin_change_interrupt>:

void gpio_enable_pin_change_interrupt(uint8_t pcint_group, uint8_t pcint_x)
{
        switch (pcint_group) {
 5b4:	81 30       	cpi	r24, 0x01	; 1
 5b6:	a9 f0       	breq	.+42     	; 0x5e2 <gpio_enable_pin_change_interrupt+0x2e>
 5b8:	18 f0       	brcs	.+6      	; 0x5c0 <gpio_enable_pin_change_interrupt+0xc>
 5ba:	82 30       	cpi	r24, 0x02	; 2
 5bc:	19 f1       	breq	.+70     	; 0x604 <gpio_enable_pin_change_interrupt+0x50>
 5be:	08 95       	ret

#include <stdint.h>

static inline void helper_set_bit(volatile uint8_t *regs, uint8_t bit_position)
{
        *regs |= (1 << bit_position);
 5c0:	80 91 68 00 	lds	r24, 0x0068	; 0x800068 <__DATA_REGION_ORIGIN__+0x8>
 5c4:	81 60       	ori	r24, 0x01	; 1
 5c6:	80 93 68 00 	sts	0x0068, r24	; 0x800068 <__DATA_REGION_ORIGIN__+0x8>
 5ca:	20 91 6b 00 	lds	r18, 0x006B	; 0x80006b <__DATA_REGION_ORIGIN__+0xb>
 5ce:	81 e0       	ldi	r24, 0x01	; 1
 5d0:	90 e0       	ldi	r25, 0x00	; 0
 5d2:	01 c0       	rjmp	.+2      	; 0x5d6 <gpio_enable_pin_change_interrupt+0x22>
 5d4:	88 0f       	add	r24, r24
 5d6:	6a 95       	dec	r22
 5d8:	ea f7       	brpl	.-6      	; 0x5d4 <gpio_enable_pin_change_interrupt+0x20>
 5da:	82 2b       	or	r24, r18
 5dc:	80 93 6b 00 	sts	0x006B, r24	; 0x80006b <__DATA_REGION_ORIGIN__+0xb>
 5e0:	08 95       	ret
 5e2:	80 91 68 00 	lds	r24, 0x0068	; 0x800068 <__DATA_REGION_ORIGIN__+0x8>
 5e6:	82 60       	ori	r24, 0x02	; 2
 5e8:	80 93 68 00 	sts	0x0068, r24	; 0x800068 <__DATA_REGION_ORIGIN__+0x8>
 5ec:	20 91 6c 00 	lds	r18, 0x006C	; 0x80006c <__DATA_REGION_ORIGIN__+0xc>
 5f0:	81 e0       	ldi	r24, 0x01	; 1
 5f2:	90 e0       	ldi	r25, 0x00	; 0
 5f4:	01 c0       	rjmp	.+2      	; 0x5f8 <gpio_enable_pin_change_interrupt+0x44>
 5f6:	88 0f       	add	r24, r24
 5f8:	6a 95       	dec	r22
 5fa:	ea f7       	brpl	.-6      	; 0x5f6 <gpio_enable_pin_change_interrupt+0x42>
 5fc:	82 2b       	or	r24, r18
 5fe:	80 93 6c 00 	sts	0x006C, r24	; 0x80006c <__DATA_REGION_ORIGIN__+0xc>
 602:	08 95       	ret
 604:	80 91 68 00 	lds	r24, 0x0068	; 0x800068 <__DATA_REGION_ORIGIN__+0x8>
 608:	84 60       	ori	r24, 0x04	; 4
 60a:	80 93 68 00 	sts	0x0068, r24	; 0x800068 <__DATA_REGION_ORIGIN__+0x8>
 60e:	20 91 6d 00 	lds	r18, 0x006D	; 0x80006d <__DATA_REGION_ORIGIN__+0xd>
 612:	81 e0       	ldi	r24, 0x01	; 1
 614:	90 e0       	ldi	r25, 0x00	; 0
 616:	01 c0       	rjmp	.+2      	; 0x61a <gpio_enable_pin_change_interrupt+0x66>
 618:	88 0f       	add	r24, r24
 61a:	6a 95       	dec	r22
 61c:	ea f7       	brpl	.-6      	; 0x618 <gpio_enable_pin_change_interrupt+0x64>
 61e:	82 2b       	or	r24, r18
 620:	80 93 6d 00 	sts	0x006D, r24	; 0x80006d <__DATA_REGION_ORIGIN__+0xd>
 624:	08 95       	ret

00000626 <gpio_clear_pin_change_interrupt_flag>:
        }
}

void gpio_clear_pin_change_interrupt_flag(uint8_t pcint_x)
{
        if (pcint_x >= PCINT0 && pcint_x <= PCINT7) {
 626:	88 30       	cpi	r24, 0x08	; 8
 628:	10 f4       	brcc	.+4      	; 0x62e <gpio_clear_pin_change_interrupt_flag+0x8>
        return (*regs & (1 << bit_position));
}

static inline void helper_clear_flag(volatile uint8_t *regs, uint8_t flag_position) 
{
        *regs = (1 << flag_position);
 62a:	81 e0       	ldi	r24, 0x01	; 1
 62c:	8b bb       	out	0x1b, r24	; 27
 62e:	08 95       	ret

00000630 <eeprom_write_byte>:
        return data_read;
}

uint8_t write_finished()
{
        if (helper_check_bit(&eeprom->control, EEPE))
 630:	f9 99       	sbic	0x1f, 1	; 31
 632:	fe cf       	rjmp	.-4      	; 0x630 <eeprom_write_byte>
                return 1;
}

void set_eeprom_address(uint16_t address)
{
        eeprom->address = address;
 634:	92 bd       	out	0x22, r25	; 34
 636:	81 bd       	out	0x21, r24	; 33
}

void set_eeprom_data(uint8_t data)
{       
        eeprom->data = data;
 638:	60 bd       	out	0x20, r22	; 32

#include <stdint.h>

static inline void helper_set_bit(volatile uint8_t *regs, uint8_t bit_position)
{
        *regs |= (1 << bit_position);
 63a:	fa 9a       	sbi	0x1f, 2	; 31
 63c:	f9 9a       	sbi	0x1f, 1	; 31
 63e:	08 95       	ret

00000640 <eeprom_read_byte>:
        return data_read;
}

uint8_t write_finished()
{
        if (helper_check_bit(&eeprom->control, EEPE))
 640:	f9 99       	sbic	0x1f, 1	; 31
 642:	fe cf       	rjmp	.-4      	; 0x640 <eeprom_read_byte>
                return 1;
}

void set_eeprom_address(uint16_t address)
{
        eeprom->address = address;
 644:	92 bd       	out	0x22, r25	; 34
 646:	81 bd       	out	0x21, r24	; 33
 648:	f8 9a       	sbi	0x1f, 0	; 31
        /* Wait for completion of previous write */
        while (!write_finished());
        set_eeprom_address(address);
        /* Start eeprom read*/
        helper_set_bit(&eeprom->control, EERE);
        return eeprom->data;
 64a:	80 b5       	in	r24, 0x20	; 32
}
 64c:	08 95       	ret

0000064e <eeprom_write_word>:

void eeprom_write_word(uint16_t address, uint16_t data)
{
 64e:	1f 93       	push	r17
 650:	cf 93       	push	r28
 652:	df 93       	push	r29
 654:	ec 01       	movw	r28, r24
 656:	17 2f       	mov	r17, r23
        uint8_t data_to_be_written = (uint8_t)data;
        eeprom_write_byte(address, data_to_be_written);
 658:	0e 94 18 03 	call	0x630	; 0x630 <eeprom_write_byte>
        data_to_be_written = (uint8_t)(data >> 8);
        eeprom_write_byte(++address, data_to_be_written);       
 65c:	61 2f       	mov	r22, r17
 65e:	ce 01       	movw	r24, r28
 660:	01 96       	adiw	r24, 0x01	; 1
}
 662:	df 91       	pop	r29
 664:	cf 91       	pop	r28
 666:	1f 91       	pop	r17
void eeprom_write_word(uint16_t address, uint16_t data)
{
        uint8_t data_to_be_written = (uint8_t)data;
        eeprom_write_byte(address, data_to_be_written);
        data_to_be_written = (uint8_t)(data >> 8);
        eeprom_write_byte(++address, data_to_be_written);       
 668:	0c 94 18 03 	jmp	0x630	; 0x630 <eeprom_write_byte>

0000066c <eeprom_read_word>:
}

uint16_t eeprom_read_word(uint16_t address)
{
 66c:	0f 93       	push	r16
 66e:	1f 93       	push	r17
 670:	cf 93       	push	r28
 672:	df 93       	push	r29
 674:	8c 01       	movw	r16, r24
        uint16_t data_read = eeprom_read_byte(address);
 676:	0e 94 20 03 	call	0x640	; 0x640 <eeprom_read_byte>
 67a:	c8 2f       	mov	r28, r24
 67c:	d0 e0       	ldi	r29, 0x00	; 0
        data_read |= (eeprom_read_byte(++address) << 8);
 67e:	c8 01       	movw	r24, r16
 680:	01 96       	adiw	r24, 0x01	; 1
 682:	0e 94 20 03 	call	0x640	; 0x640 <eeprom_read_byte>
        return data_read;
}
 686:	9e 01       	movw	r18, r28
 688:	38 2b       	or	r19, r24
 68a:	c9 01       	movw	r24, r18
 68c:	df 91       	pop	r29
 68e:	cf 91       	pop	r28
 690:	1f 91       	pop	r17
 692:	0f 91       	pop	r16
 694:	08 95       	ret

00000696 <timer0_set_clock_source>:
#include "timer_struct.h"
#include <avr/io.h>

void timer0_set_clock_source(uint8_t clock_source)
{
        switch (clock_source) {
 696:	82 30       	cpi	r24, 0x02	; 2
 698:	d9 f0       	breq	.+54     	; 0x6d0 <timer0_set_clock_source+0x3a>
 69a:	28 f4       	brcc	.+10     	; 0x6a6 <timer0_set_clock_source+0x10>
 69c:	88 23       	and	r24, r24
 69e:	49 f0       	breq	.+18     	; 0x6b2 <timer0_set_clock_source+0x1c>
 6a0:	81 30       	cpi	r24, 0x01	; 1
 6a2:	81 f0       	breq	.+32     	; 0x6c4 <timer0_set_clock_source+0x2e>
 6a4:	08 95       	ret
 6a6:	84 30       	cpi	r24, 0x04	; 4
 6a8:	c9 f0       	breq	.+50     	; 0x6dc <timer0_set_clock_source+0x46>
 6aa:	78 f0       	brcs	.+30     	; 0x6ca <timer0_set_clock_source+0x34>
 6ac:	85 30       	cpi	r24, 0x05	; 5
 6ae:	99 f0       	breq	.+38     	; 0x6d6 <timer0_set_clock_source+0x40>
 6b0:	08 95       	ret
}

static inline void helper_clear_bit(volatile uint8_t *regs, uint8_t bit_position)
{
        *regs &= ~(1 << bit_position);
 6b2:	85 b5       	in	r24, 0x25	; 37
 6b4:	8e 7f       	andi	r24, 0xFE	; 254
 6b6:	85 bd       	out	0x25, r24	; 37
 6b8:	85 b5       	in	r24, 0x25	; 37
 6ba:	8d 7f       	andi	r24, 0xFD	; 253
 6bc:	85 bd       	out	0x25, r24	; 37
 6be:	85 b5       	in	r24, 0x25	; 37
 6c0:	8b 7f       	andi	r24, 0xFB	; 251
 6c2:	0e c0       	rjmp	.+28     	; 0x6e0 <timer0_set_clock_source+0x4a>

#include <stdint.h>

static inline void helper_set_bit(volatile uint8_t *regs, uint8_t bit_position)
{
        *regs |= (1 << bit_position);
 6c4:	85 b5       	in	r24, 0x25	; 37
 6c6:	81 60       	ori	r24, 0x01	; 1
 6c8:	0b c0       	rjmp	.+22     	; 0x6e0 <timer0_set_clock_source+0x4a>
 6ca:	85 b5       	in	r24, 0x25	; 37
 6cc:	81 60       	ori	r24, 0x01	; 1
 6ce:	85 bd       	out	0x25, r24	; 37
 6d0:	85 b5       	in	r24, 0x25	; 37
 6d2:	82 60       	ori	r24, 0x02	; 2
 6d4:	05 c0       	rjmp	.+10     	; 0x6e0 <timer0_set_clock_source+0x4a>
 6d6:	85 b5       	in	r24, 0x25	; 37
 6d8:	81 60       	ori	r24, 0x01	; 1
 6da:	85 bd       	out	0x25, r24	; 37
 6dc:	85 b5       	in	r24, 0x25	; 37
 6de:	84 60       	ori	r24, 0x04	; 4
 6e0:	85 bd       	out	0x25, r24	; 37
 6e2:	08 95       	ret

000006e4 <timer0_set_operation_mode>:
        }
}

void timer0_set_operation_mode(uint8_t operation_mode)
{
        switch (operation_mode) {
 6e4:	81 30       	cpi	r24, 0x01	; 1
 6e6:	69 f0       	breq	.+26     	; 0x702 <timer0_set_operation_mode+0x1e>
 6e8:	18 f0       	brcs	.+6      	; 0x6f0 <timer0_set_operation_mode+0xc>
 6ea:	82 30       	cpi	r24, 0x02	; 2
 6ec:	71 f0       	breq	.+28     	; 0x70a <timer0_set_operation_mode+0x26>
 6ee:	08 95       	ret
}

static inline void helper_clear_bit(volatile uint8_t *regs, uint8_t bit_position)
{
        *regs &= ~(1 << bit_position);
 6f0:	84 b5       	in	r24, 0x24	; 36
 6f2:	8e 7f       	andi	r24, 0xFE	; 254
 6f4:	84 bd       	out	0x24, r24	; 36
 6f6:	84 b5       	in	r24, 0x24	; 36
 6f8:	8d 7f       	andi	r24, 0xFD	; 253
 6fa:	84 bd       	out	0x24, r24	; 36
 6fc:	85 b5       	in	r24, 0x25	; 37
 6fe:	87 7f       	andi	r24, 0xF7	; 247
 700:	0c c0       	rjmp	.+24     	; 0x71a <timer0_set_operation_mode+0x36>

#include <stdint.h>

static inline void helper_set_bit(volatile uint8_t *regs, uint8_t bit_position)
{
        *regs |= (1 << bit_position);
 702:	84 b5       	in	r24, 0x24	; 36
 704:	82 60       	ori	r24, 0x02	; 2
 706:	84 bd       	out	0x24, r24	; 36
 708:	08 95       	ret
 70a:	84 b5       	in	r24, 0x24	; 36
 70c:	81 60       	ori	r24, 0x01	; 1
 70e:	84 bd       	out	0x24, r24	; 36
 710:	84 b5       	in	r24, 0x24	; 36
 712:	82 60       	ori	r24, 0x02	; 2
 714:	84 bd       	out	0x24, r24	; 36
 716:	85 b5       	in	r24, 0x25	; 37
 718:	88 60       	ori	r24, 0x08	; 8
 71a:	85 bd       	out	0x25, r24	; 37
 71c:	08 95       	ret

0000071e <timer0_set_compare_output_mode_A>:
        }
}

void timer0_set_compare_output_mode_A(uint8_t compare_output_mode)
{
        switch (compare_output_mode) {
 71e:	81 30       	cpi	r24, 0x01	; 1
 720:	91 f0       	breq	.+36     	; 0x746 <timer0_set_compare_output_mode_A+0x28>
 722:	28 f0       	brcs	.+10     	; 0x72e <timer0_set_compare_output_mode_A+0x10>
 724:	82 30       	cpi	r24, 0x02	; 2
 726:	49 f0       	breq	.+18     	; 0x73a <timer0_set_compare_output_mode_A+0x1c>
 728:	83 30       	cpi	r24, 0x03	; 3
 72a:	51 f0       	breq	.+20     	; 0x740 <timer0_set_compare_output_mode_A+0x22>
 72c:	08 95       	ret
}

static inline void helper_clear_bit(volatile uint8_t *regs, uint8_t bit_position)
{
        *regs &= ~(1 << bit_position);
 72e:	84 b5       	in	r24, 0x24	; 36
 730:	8f 77       	andi	r24, 0x7F	; 127
 732:	84 bd       	out	0x24, r24	; 36
 734:	84 b5       	in	r24, 0x24	; 36
 736:	8f 7b       	andi	r24, 0xBF	; 191
 738:	08 c0       	rjmp	.+16     	; 0x74a <timer0_set_compare_output_mode_A+0x2c>

#include <stdint.h>

static inline void helper_set_bit(volatile uint8_t *regs, uint8_t bit_position)
{
        *regs |= (1 << bit_position);
 73a:	84 b5       	in	r24, 0x24	; 36
 73c:	80 68       	ori	r24, 0x80	; 128
 73e:	05 c0       	rjmp	.+10     	; 0x74a <timer0_set_compare_output_mode_A+0x2c>
 740:	84 b5       	in	r24, 0x24	; 36
 742:	80 68       	ori	r24, 0x80	; 128
 744:	84 bd       	out	0x24, r24	; 36
 746:	84 b5       	in	r24, 0x24	; 36
 748:	80 64       	ori	r24, 0x40	; 64
 74a:	84 bd       	out	0x24, r24	; 36
 74c:	08 95       	ret

0000074e <timer0_set_interrupt>:
        }
}

void timer0_set_interrupt(uint8_t interrupt_type)
{
        switch (interrupt_type) {
 74e:	88 23       	and	r24, r24
 750:	19 f0       	breq	.+6      	; 0x758 <timer0_set_interrupt+0xa>
 752:	82 30       	cpi	r24, 0x02	; 2
 754:	29 f0       	breq	.+10     	; 0x760 <timer0_set_interrupt+0x12>
 756:	08 95       	ret
 758:	80 91 6e 00 	lds	r24, 0x006E	; 0x80006e <__DATA_REGION_ORIGIN__+0xe>
 75c:	81 60       	ori	r24, 0x01	; 1
 75e:	03 c0       	rjmp	.+6      	; 0x766 <timer0_set_interrupt+0x18>
 760:	80 91 6e 00 	lds	r24, 0x006E	; 0x80006e <__DATA_REGION_ORIGIN__+0xe>
 764:	82 60       	ori	r24, 0x02	; 2
 766:	80 93 6e 00 	sts	0x006E, r24	; 0x80006e <__DATA_REGION_ORIGIN__+0xe>
 76a:	08 95       	ret

0000076c <timer0_clear_interrupt>:
        }
}

void timer0_clear_interrupt(uint8_t interrupt_type)
{
        switch (interrupt_type) {
 76c:	88 23       	and	r24, r24
 76e:	19 f0       	breq	.+6      	; 0x776 <timer0_clear_interrupt+0xa>
 770:	82 30       	cpi	r24, 0x02	; 2
 772:	29 f0       	breq	.+10     	; 0x77e <timer0_clear_interrupt+0x12>
 774:	08 95       	ret
}

static inline void helper_clear_bit(volatile uint8_t *regs, uint8_t bit_position)
{
        *regs &= ~(1 << bit_position);
 776:	80 91 6e 00 	lds	r24, 0x006E	; 0x80006e <__DATA_REGION_ORIGIN__+0xe>
 77a:	8e 7f       	andi	r24, 0xFE	; 254
 77c:	03 c0       	rjmp	.+6      	; 0x784 <timer0_clear_interrupt+0x18>
 77e:	80 91 6e 00 	lds	r24, 0x006E	; 0x80006e <__DATA_REGION_ORIGIN__+0xe>
 782:	8d 7f       	andi	r24, 0xFD	; 253
 784:	80 93 6e 00 	sts	0x006E, r24	; 0x80006e <__DATA_REGION_ORIGIN__+0xe>
 788:	08 95       	ret

0000078a <timer0_clear_interrupt_flag>:
        }
}

void timer0_clear_interrupt_flag(uint8_t interrupt_flag)
{
        switch (interrupt_flag) {
 78a:	88 23       	and	r24, r24
 78c:	19 f0       	breq	.+6      	; 0x794 <timer0_clear_interrupt_flag+0xa>
 78e:	82 30       	cpi	r24, 0x02	; 2
 790:	11 f0       	breq	.+4      	; 0x796 <timer0_clear_interrupt_flag+0xc>
 792:	08 95       	ret
        return (*regs & (1 << bit_position));
}

static inline void helper_clear_flag(volatile uint8_t *regs, uint8_t flag_position) 
{
        *regs = (1 << flag_position);
 794:	81 e0       	ldi	r24, 0x01	; 1
 796:	85 bb       	out	0x15, r24	; 21
 798:	08 95       	ret

0000079a <timer1_set_operation_mode>:
        }
}

void timer1_set_operation_mode(uint8_t operation_mode)
{
        switch (operation_mode) {
 79a:	81 30       	cpi	r24, 0x01	; 1
 79c:	b9 f0       	breq	.+46     	; 0x7cc <timer1_set_operation_mode+0x32>
 79e:	18 f0       	brcs	.+6      	; 0x7a6 <timer1_set_operation_mode+0xc>
 7a0:	82 30       	cpi	r24, 0x02	; 2
 7a2:	c1 f0       	breq	.+48     	; 0x7d4 <timer1_set_operation_mode+0x3a>
 7a4:	08 95       	ret
        *regs |= (1 << bit_position);
}

static inline void helper_clear_bit(volatile uint8_t *regs, uint8_t bit_position)
{
        *regs &= ~(1 << bit_position);
 7a6:	80 91 80 00 	lds	r24, 0x0080	; 0x800080 <__DATA_REGION_ORIGIN__+0x20>
 7aa:	8e 7f       	andi	r24, 0xFE	; 254
 7ac:	80 93 80 00 	sts	0x0080, r24	; 0x800080 <__DATA_REGION_ORIGIN__+0x20>
 7b0:	80 91 80 00 	lds	r24, 0x0080	; 0x800080 <__DATA_REGION_ORIGIN__+0x20>
 7b4:	8d 7f       	andi	r24, 0xFD	; 253
 7b6:	80 93 80 00 	sts	0x0080, r24	; 0x800080 <__DATA_REGION_ORIGIN__+0x20>
 7ba:	80 91 81 00 	lds	r24, 0x0081	; 0x800081 <__DATA_REGION_ORIGIN__+0x21>
 7be:	87 7f       	andi	r24, 0xF7	; 247
 7c0:	80 93 81 00 	sts	0x0081, r24	; 0x800081 <__DATA_REGION_ORIGIN__+0x21>
 7c4:	80 91 81 00 	lds	r24, 0x0081	; 0x800081 <__DATA_REGION_ORIGIN__+0x21>
 7c8:	8f 7e       	andi	r24, 0xEF	; 239
 7ca:	16 c0       	rjmp	.+44     	; 0x7f8 <timer1_set_operation_mode+0x5e>

#include <stdint.h>

static inline void helper_set_bit(volatile uint8_t *regs, uint8_t bit_position)
{
        *regs |= (1 << bit_position);
 7cc:	80 91 81 00 	lds	r24, 0x0081	; 0x800081 <__DATA_REGION_ORIGIN__+0x21>
 7d0:	88 60       	ori	r24, 0x08	; 8
 7d2:	12 c0       	rjmp	.+36     	; 0x7f8 <timer1_set_operation_mode+0x5e>
 7d4:	80 91 80 00 	lds	r24, 0x0080	; 0x800080 <__DATA_REGION_ORIGIN__+0x20>
 7d8:	81 60       	ori	r24, 0x01	; 1
 7da:	80 93 80 00 	sts	0x0080, r24	; 0x800080 <__DATA_REGION_ORIGIN__+0x20>
 7de:	80 91 80 00 	lds	r24, 0x0080	; 0x800080 <__DATA_REGION_ORIGIN__+0x20>
 7e2:	82 60       	ori	r24, 0x02	; 2
 7e4:	80 93 80 00 	sts	0x0080, r24	; 0x800080 <__DATA_REGION_ORIGIN__+0x20>
 7e8:	80 91 81 00 	lds	r24, 0x0081	; 0x800081 <__DATA_REGION_ORIGIN__+0x21>
 7ec:	88 60       	ori	r24, 0x08	; 8
 7ee:	80 93 81 00 	sts	0x0081, r24	; 0x800081 <__DATA_REGION_ORIGIN__+0x21>
 7f2:	80 91 81 00 	lds	r24, 0x0081	; 0x800081 <__DATA_REGION_ORIGIN__+0x21>
 7f6:	80 61       	ori	r24, 0x10	; 16
 7f8:	80 93 81 00 	sts	0x0081, r24	; 0x800081 <__DATA_REGION_ORIGIN__+0x21>
 7fc:	08 95       	ret

000007fe <timer1_set_compare_output_mode_A>:
        }
}

void timer1_set_compare_output_mode_A(uint8_t compare_output_mode)
{
        switch (compare_output_mode) {
 7fe:	81 30       	cpi	r24, 0x01	; 1
 800:	c1 f0       	breq	.+48     	; 0x832 <timer1_set_compare_output_mode_A+0x34>
 802:	28 f0       	brcs	.+10     	; 0x80e <timer1_set_compare_output_mode_A+0x10>
 804:	82 30       	cpi	r24, 0x02	; 2
 806:	61 f0       	breq	.+24     	; 0x820 <timer1_set_compare_output_mode_A+0x22>
 808:	83 30       	cpi	r24, 0x03	; 3
 80a:	71 f0       	breq	.+28     	; 0x828 <timer1_set_compare_output_mode_A+0x2a>
 80c:	08 95       	ret
}

static inline void helper_clear_bit(volatile uint8_t *regs, uint8_t bit_position)
{
        *regs &= ~(1 << bit_position);
 80e:	80 91 80 00 	lds	r24, 0x0080	; 0x800080 <__DATA_REGION_ORIGIN__+0x20>
 812:	8f 77       	andi	r24, 0x7F	; 127
 814:	80 93 80 00 	sts	0x0080, r24	; 0x800080 <__DATA_REGION_ORIGIN__+0x20>
 818:	80 91 80 00 	lds	r24, 0x0080	; 0x800080 <__DATA_REGION_ORIGIN__+0x20>
 81c:	8f 7b       	andi	r24, 0xBF	; 191
 81e:	0c c0       	rjmp	.+24     	; 0x838 <timer1_set_compare_output_mode_A+0x3a>

#include <stdint.h>

static inline void helper_set_bit(volatile uint8_t *regs, uint8_t bit_position)
{
        *regs |= (1 << bit_position);
 820:	80 91 80 00 	lds	r24, 0x0080	; 0x800080 <__DATA_REGION_ORIGIN__+0x20>
 824:	80 68       	ori	r24, 0x80	; 128
 826:	08 c0       	rjmp	.+16     	; 0x838 <timer1_set_compare_output_mode_A+0x3a>
 828:	80 91 80 00 	lds	r24, 0x0080	; 0x800080 <__DATA_REGION_ORIGIN__+0x20>
 82c:	80 68       	ori	r24, 0x80	; 128
 82e:	80 93 80 00 	sts	0x0080, r24	; 0x800080 <__DATA_REGION_ORIGIN__+0x20>
 832:	80 91 80 00 	lds	r24, 0x0080	; 0x800080 <__DATA_REGION_ORIGIN__+0x20>
 836:	80 64       	ori	r24, 0x40	; 64
 838:	80 93 80 00 	sts	0x0080, r24	; 0x800080 <__DATA_REGION_ORIGIN__+0x20>
 83c:	08 95       	ret

0000083e <timer1_set_clock_source>:
        }
}

void timer1_set_clock_source(uint8_t clock_source)
{
        switch (clock_source) {
 83e:	82 30       	cpi	r24, 0x02	; 2
 840:	19 f1       	breq	.+70     	; 0x888 <timer1_set_clock_source+0x4a>
 842:	28 f4       	brcc	.+10     	; 0x84e <timer1_set_clock_source+0x10>
 844:	88 23       	and	r24, r24
 846:	49 f0       	breq	.+18     	; 0x85a <timer1_set_clock_source+0x1c>
 848:	81 30       	cpi	r24, 0x01	; 1
 84a:	a9 f0       	breq	.+42     	; 0x876 <timer1_set_clock_source+0x38>
 84c:	08 95       	ret
 84e:	84 30       	cpi	r24, 0x04	; 4
 850:	21 f1       	breq	.+72     	; 0x89a <timer1_set_clock_source+0x5c>
 852:	a8 f0       	brcs	.+42     	; 0x87e <timer1_set_clock_source+0x40>
 854:	85 30       	cpi	r24, 0x05	; 5
 856:	e1 f0       	breq	.+56     	; 0x890 <timer1_set_clock_source+0x52>
 858:	08 95       	ret
}

static inline void helper_clear_bit(volatile uint8_t *regs, uint8_t bit_position)
{
        *regs &= ~(1 << bit_position);
 85a:	80 91 81 00 	lds	r24, 0x0081	; 0x800081 <__DATA_REGION_ORIGIN__+0x21>
 85e:	8e 7f       	andi	r24, 0xFE	; 254
 860:	80 93 81 00 	sts	0x0081, r24	; 0x800081 <__DATA_REGION_ORIGIN__+0x21>
 864:	80 91 81 00 	lds	r24, 0x0081	; 0x800081 <__DATA_REGION_ORIGIN__+0x21>
 868:	8d 7f       	andi	r24, 0xFD	; 253
 86a:	80 93 81 00 	sts	0x0081, r24	; 0x800081 <__DATA_REGION_ORIGIN__+0x21>
 86e:	80 91 81 00 	lds	r24, 0x0081	; 0x800081 <__DATA_REGION_ORIGIN__+0x21>
 872:	8b 7f       	andi	r24, 0xFB	; 251
 874:	15 c0       	rjmp	.+42     	; 0x8a0 <timer1_set_clock_source+0x62>

#include <stdint.h>

static inline void helper_set_bit(volatile uint8_t *regs, uint8_t bit_position)
{
        *regs |= (1 << bit_position);
 876:	80 91 81 00 	lds	r24, 0x0081	; 0x800081 <__DATA_REGION_ORIGIN__+0x21>
 87a:	81 60       	ori	r24, 0x01	; 1
 87c:	11 c0       	rjmp	.+34     	; 0x8a0 <timer1_set_clock_source+0x62>
 87e:	80 91 81 00 	lds	r24, 0x0081	; 0x800081 <__DATA_REGION_ORIGIN__+0x21>
 882:	81 60       	ori	r24, 0x01	; 1
 884:	80 93 81 00 	sts	0x0081, r24	; 0x800081 <__DATA_REGION_ORIGIN__+0x21>
 888:	80 91 81 00 	lds	r24, 0x0081	; 0x800081 <__DATA_REGION_ORIGIN__+0x21>
 88c:	82 60       	ori	r24, 0x02	; 2
 88e:	08 c0       	rjmp	.+16     	; 0x8a0 <timer1_set_clock_source+0x62>
 890:	80 91 81 00 	lds	r24, 0x0081	; 0x800081 <__DATA_REGION_ORIGIN__+0x21>
 894:	81 60       	ori	r24, 0x01	; 1
 896:	80 93 81 00 	sts	0x0081, r24	; 0x800081 <__DATA_REGION_ORIGIN__+0x21>
 89a:	80 91 81 00 	lds	r24, 0x0081	; 0x800081 <__DATA_REGION_ORIGIN__+0x21>
 89e:	84 60       	ori	r24, 0x04	; 4
 8a0:	80 93 81 00 	sts	0x0081, r24	; 0x800081 <__DATA_REGION_ORIGIN__+0x21>
 8a4:	08 95       	ret

000008a6 <timer1_set_interrupt>:
        }
}

void timer1_set_interrupt(uint8_t interrupt_type)
{
        switch (interrupt_type) {
 8a6:	82 30       	cpi	r24, 0x02	; 2
 8a8:	41 f0       	breq	.+16     	; 0x8ba <timer1_set_interrupt+0x14>
 8aa:	84 30       	cpi	r24, 0x04	; 4
 8ac:	51 f0       	breq	.+20     	; 0x8c2 <timer1_set_interrupt+0x1c>
 8ae:	81 11       	cpse	r24, r1
 8b0:	0d c0       	rjmp	.+26     	; 0x8cc <timer1_set_interrupt+0x26>
 8b2:	80 91 6f 00 	lds	r24, 0x006F	; 0x80006f <__DATA_REGION_ORIGIN__+0xf>
 8b6:	81 60       	ori	r24, 0x01	; 1
 8b8:	07 c0       	rjmp	.+14     	; 0x8c8 <timer1_set_interrupt+0x22>
 8ba:	80 91 6f 00 	lds	r24, 0x006F	; 0x80006f <__DATA_REGION_ORIGIN__+0xf>
 8be:	82 60       	ori	r24, 0x02	; 2
 8c0:	03 c0       	rjmp	.+6      	; 0x8c8 <timer1_set_interrupt+0x22>
 8c2:	80 91 6f 00 	lds	r24, 0x006F	; 0x80006f <__DATA_REGION_ORIGIN__+0xf>
 8c6:	80 62       	ori	r24, 0x20	; 32
 8c8:	80 93 6f 00 	sts	0x006F, r24	; 0x80006f <__DATA_REGION_ORIGIN__+0xf>
 8cc:	08 95       	ret

000008ce <timer1_clear_interrupt>:
        }
}

void timer1_clear_interrupt(uint8_t interrupt_type)
{
        switch (interrupt_type) {
 8ce:	82 30       	cpi	r24, 0x02	; 2
 8d0:	41 f0       	breq	.+16     	; 0x8e2 <timer1_clear_interrupt+0x14>
 8d2:	84 30       	cpi	r24, 0x04	; 4
 8d4:	51 f0       	breq	.+20     	; 0x8ea <timer1_clear_interrupt+0x1c>
 8d6:	81 11       	cpse	r24, r1
 8d8:	0d c0       	rjmp	.+26     	; 0x8f4 <timer1_clear_interrupt+0x26>
}

static inline void helper_clear_bit(volatile uint8_t *regs, uint8_t bit_position)
{
        *regs &= ~(1 << bit_position);
 8da:	80 91 6f 00 	lds	r24, 0x006F	; 0x80006f <__DATA_REGION_ORIGIN__+0xf>
 8de:	8e 7f       	andi	r24, 0xFE	; 254
 8e0:	07 c0       	rjmp	.+14     	; 0x8f0 <timer1_clear_interrupt+0x22>
 8e2:	80 91 6f 00 	lds	r24, 0x006F	; 0x80006f <__DATA_REGION_ORIGIN__+0xf>
 8e6:	8d 7f       	andi	r24, 0xFD	; 253
 8e8:	03 c0       	rjmp	.+6      	; 0x8f0 <timer1_clear_interrupt+0x22>
 8ea:	80 91 6f 00 	lds	r24, 0x006F	; 0x80006f <__DATA_REGION_ORIGIN__+0xf>
 8ee:	8f 7d       	andi	r24, 0xDF	; 223
 8f0:	80 93 6f 00 	sts	0x006F, r24	; 0x80006f <__DATA_REGION_ORIGIN__+0xf>
 8f4:	08 95       	ret

000008f6 <timer1_clear_interrupt_flag>:
        } 
}

void timer1_clear_interrupt_flag(uint8_t interrupt_flag)
{
        switch (interrupt_flag) {
 8f6:	82 30       	cpi	r24, 0x02	; 2
 8f8:	39 f0       	breq	.+14     	; 0x908 <__stack+0x9>
 8fa:	84 30       	cpi	r24, 0x04	; 4
 8fc:	21 f0       	breq	.+8      	; 0x906 <__stack+0x7>
 8fe:	81 11       	cpse	r24, r1
 900:	04 c0       	rjmp	.+8      	; 0x90a <__stack+0xb>
        return (*regs & (1 << bit_position));
}

static inline void helper_clear_flag(volatile uint8_t *regs, uint8_t flag_position) 
{
        *regs = (1 << flag_position);
 902:	81 e0       	ldi	r24, 0x01	; 1
 904:	01 c0       	rjmp	.+2      	; 0x908 <__stack+0x9>
 906:	80 e2       	ldi	r24, 0x20	; 32
 908:	86 bb       	out	0x16, r24	; 22
 90a:	08 95       	ret

0000090c <timer1_enable_input_capture_noise_canceler>:

#include <stdint.h>

static inline void helper_set_bit(volatile uint8_t *regs, uint8_t bit_position)
{
        *regs |= (1 << bit_position);
 90c:	e1 e8       	ldi	r30, 0x81	; 129
 90e:	f0 e0       	ldi	r31, 0x00	; 0
 910:	80 81       	ld	r24, Z
 912:	80 68       	ori	r24, 0x80	; 128
 914:	80 83       	st	Z, r24
 916:	08 95       	ret

00000918 <timer1_disable_input_capture_noise_canceler>:
}

static inline void helper_clear_bit(volatile uint8_t *regs, uint8_t bit_position)
{
        *regs &= ~(1 << bit_position);
 918:	e1 e8       	ldi	r30, 0x81	; 129
 91a:	f0 e0       	ldi	r31, 0x00	; 0
 91c:	80 81       	ld	r24, Z
 91e:	8f 77       	andi	r24, 0x7F	; 127
 920:	80 83       	st	Z, r24
 922:	08 95       	ret

00000924 <timer1_set_counter_value>:
        helper_clear_bit(&timer1->control_B, ICNC1);
}

void timer1_set_counter_value(uint16_t counter_value)
{
        timer1->counter = counter_value;
 924:	90 93 85 00 	sts	0x0085, r25	; 0x800085 <__DATA_REGION_ORIGIN__+0x25>
 928:	80 93 84 00 	sts	0x0084, r24	; 0x800084 <__DATA_REGION_ORIGIN__+0x24>
 92c:	08 95       	ret

0000092e <timer1_read_input_capture>:
 92e:	80 91 86 00 	lds	r24, 0x0086	; 0x800086 <__DATA_REGION_ORIGIN__+0x26>
 932:	90 91 87 00 	lds	r25, 0x0087	; 0x800087 <__DATA_REGION_ORIGIN__+0x27>
 936:	08 95       	ret

00000938 <main>:
 938:	54 98       	cbi	0x0a, 4	; 10

int main()
{
        // switch state pin, D4
        gpio_set_direction('D',4,GPIO_INPUT);
        gpio_write('D',4,GPIO_PULLUP_ENABLED);
 93a:	41 e0       	ldi	r20, 0x01	; 1
 93c:	64 e0       	ldi	r22, 0x04	; 4
 93e:	84 e4       	ldi	r24, 0x44	; 68
 940:	0e 94 6a 02 	call	0x4d4	; 0x4d4 <gpio_write>
        gpio_enable_pin_change_interrupt(PCINT_16_23,PCINT20);
 944:	64 e0       	ldi	r22, 0x04	; 4
 946:	82 e0       	ldi	r24, 0x02	; 2
 948:	0e 94 da 02 	call	0x5b4	; 0x5b4 <gpio_enable_pin_change_interrupt>

#include <stdint.h>

static inline void helper_set_bit(volatile uint8_t *regs, uint8_t bit_position)
{
        *regs |= (1 << bit_position);
 94c:	56 9a       	sbi	0x0a, 6	; 10
}

static inline void helper_clear_bit(volatile uint8_t *regs, uint8_t bit_position)
{
        *regs &= ~(1 << bit_position);
 94e:	53 98       	cbi	0x0a, 3	; 10
        // ir led, D6 
        gpio_set_direction('D',6,GPIO_OUTPUT);
        
        // playback button, D3
        gpio_set_direction('D',3,GPIO_INPUT);
        gpio_write('D',3,GPIO_PULLUP_ENABLED); 
 950:	41 e0       	ldi	r20, 0x01	; 1
 952:	63 e0       	ldi	r22, 0x03	; 3
 954:	84 e4       	ldi	r24, 0x44	; 68
 956:	0e 94 6a 02 	call	0x4d4	; 0x4d4 <gpio_write>
 95a:	52 98       	cbi	0x0a, 2	; 10

        // record button, D2
        gpio_set_direction('D',2,GPIO_INPUT);
        gpio_write('D',2,GPIO_PULLUP_ENABLED);         
 95c:	41 e0       	ldi	r20, 0x01	; 1
 95e:	62 e0       	ldi	r22, 0x02	; 2
 960:	84 e4       	ldi	r24, 0x44	; 68
 962:	0e 94 6a 02 	call	0x4d4	; 0x4d4 <gpio_write>
 966:	20 98       	cbi	0x04, 0	; 4

        // ir receiver, PB0 = D8
        gpio_set_direction('B',0,GPIO_INPUT);
        gpio_write('B',0,GPIO_PULLUP_ENABLED);
 968:	41 e0       	ldi	r20, 0x01	; 1
 96a:	60 e0       	ldi	r22, 0x00	; 0
 96c:	82 e4       	ldi	r24, 0x42	; 66
 96e:	0e 94 6a 02 	call	0x4d4	; 0x4d4 <gpio_write>

        // led for playback state, PC3 = A3
        DDRC |= (1 << 3);
 972:	3b 9a       	sbi	0x07, 3	; 7

        // led for recording state, PC4 = A4
        DDRC |= (1 << 4);
 974:	3c 9a       	sbi	0x07, 4	; 7

        // led for standby mode, PC5 = A5
        DDRC |= (1 << 5);
 976:	3d 9a       	sbi	0x07, 5	; 7

        // retrieve data from eeprom
        cli();
 978:	f8 94       	cli
        uint16_t address = 0;
        index_cap = eeprom_read_word(address);
 97a:	80 e0       	ldi	r24, 0x00	; 0
 97c:	90 e0       	ldi	r25, 0x00	; 0
 97e:	0e 94 36 03 	call	0x66c	; 0x66c <eeprom_read_word>
 982:	90 93 06 01 	sts	0x0106, r25	; 0x800106 <index_cap+0x1>
 986:	80 93 05 01 	sts	0x0105, r24	; 0x800105 <index_cap>
        for (uint16_t i = 0; i < index_cap; i++) {
 98a:	0a e0       	ldi	r16, 0x0A	; 10
 98c:	11 e0       	ldi	r17, 0x01	; 1
 98e:	80 e0       	ldi	r24, 0x00	; 0
 990:	90 e0       	ldi	r25, 0x00	; 0
 992:	ec 01       	movw	r28, r24
 994:	21 96       	adiw	r28, 0x01	; 1
 996:	20 91 05 01 	lds	r18, 0x0105	; 0x800105 <index_cap>
 99a:	30 91 06 01 	lds	r19, 0x0106	; 0x800106 <index_cap+0x1>
 99e:	82 17       	cp	r24, r18
 9a0:	93 07       	cpc	r25, r19
 9a2:	58 f4       	brcc	.+22     	; 0x9ba <main+0x82>
                address += 2;
                pulse_sequence[i] = eeprom_read_word(address);
 9a4:	ce 01       	movw	r24, r28
 9a6:	88 0f       	add	r24, r24
 9a8:	99 1f       	adc	r25, r25
 9aa:	0e 94 36 03 	call	0x66c	; 0x66c <eeprom_read_word>
 9ae:	f8 01       	movw	r30, r16
 9b0:	81 93       	st	Z+, r24
 9b2:	91 93       	st	Z+, r25
 9b4:	8f 01       	movw	r16, r30
 9b6:	ce 01       	movw	r24, r28
 9b8:	ec cf       	rjmp	.-40     	; 0x992 <main+0x5a>
        }
        sei();
 9ba:	78 94       	sei
        

        // Playback mode
        if (PIND & (1 << 4)) {
 9bc:	4c 9b       	sbis	0x09, 4	; 9
 9be:	10 c0       	rjmp	.+32     	; 0x9e0 <main+0xa8>
                mode = PLAYBACK_MODE;
 9c0:	81 e0       	ldi	r24, 0x01	; 1
 9c2:	80 93 09 01 	sts	0x0109, r24	; 0x800109 <mode>
                // setup
                timer0_set_operation_mode(FAST_PWM_OCR);
 9c6:	82 e0       	ldi	r24, 0x02	; 2
 9c8:	0e 94 72 03 	call	0x6e4	; 0x6e4 <timer0_set_operation_mode>
                timer0_set_compare_output_mode_A(TOGGLE_ON_MATCH);
 9cc:	81 e0       	ldi	r24, 0x01	; 1
 9ce:	0e 94 8f 03 	call	0x71e	; 0x71e <timer0_set_compare_output_mode_A>
void timer1_set_counter_value(uint16_t counter_value);
uint16_t timer1_read_input_capture();

static inline void timer0_set_compare_value_A_inline(uint8_t compare_value)
{
        timer0->output_compare_A = compare_value;
 9d2:	89 e1       	ldi	r24, 0x19	; 25
 9d4:	87 bd       	out	0x27, r24	; 39
                timer0_set_compare_value_A_inline(25);
                timer1_set_operation_mode(CTC_OCR);
 9d6:	81 e0       	ldi	r24, 0x01	; 1
 9d8:	0e 94 cd 03 	call	0x79a	; 0x79a <timer1_set_operation_mode>
                // playback led
                PORTC |= (1 << 3);
 9dc:	43 9a       	sbi	0x08, 3	; 8
 9de:	06 c0       	rjmp	.+12     	; 0x9ec <main+0xb4>
        // Recording mode
        } else {
                mode = RECORDING_MODE;
 9e0:	10 92 09 01 	sts	0x0109, r1	; 0x800109 <mode>
                // setup
                timer1_set_operation_mode(NORMAL_CLOCK);
 9e4:	80 e0       	ldi	r24, 0x00	; 0
 9e6:	0e 94 cd 03 	call	0x79a	; 0x79a <timer1_set_operation_mode>
                // standby led
                PORTC |= (1 << 5);
 9ea:	45 9a       	sbi	0x08, 5	; 8
        }

        while (1) {
                if (mode == PLAYBACK_MODE) {
 9ec:	80 91 09 01 	lds	r24, 0x0109	; 0x800109 <mode>
 9f0:	81 30       	cpi	r24, 0x01	; 1
 9f2:	09 f0       	breq	.+2      	; 0x9f6 <main+0xbe>
 9f4:	4f c0       	rjmp	.+158    	; 0xa94 <main+0x15c>
                        if (gpio_read('D',3) == GPIO_LOW && playback_done && playback_button_released) {
 9f6:	63 e0       	ldi	r22, 0x03	; 3
 9f8:	84 e4       	ldi	r24, 0x44	; 68
 9fa:	0e 94 c1 02 	call	0x582	; 0x582 <gpio_read>
 9fe:	81 11       	cpse	r24, r1
 a00:	3f c0       	rjmp	.+126    	; 0xa80 <main+0x148>
 a02:	80 91 03 01 	lds	r24, 0x0103	; 0x800103 <playback_done>
 a06:	88 23       	and	r24, r24
 a08:	d9 f1       	breq	.+118    	; 0xa80 <main+0x148>
 a0a:	80 91 02 01 	lds	r24, 0x0102	; 0x800102 <playback_button_released>
 a0e:	88 23       	and	r24, r24
 a10:	b9 f1       	breq	.+110    	; 0xa80 <main+0x148>
                                playback_done = 0;
 a12:	10 92 03 01 	sts	0x0103, r1	; 0x800103 <playback_done>
                                playback_button_released = 0;
 a16:	10 92 02 01 	sts	0x0102, r1	; 0x800102 <playback_button_released>
                                gpio_write('C',3,GPIO_LOW);
 a1a:	40 e0       	ldi	r20, 0x00	; 0
 a1c:	63 e0       	ldi	r22, 0x03	; 3
 a1e:	83 e4       	ldi	r24, 0x43	; 67
 a20:	0e 94 6a 02 	call	0x4d4	; 0x4d4 <gpio_write>

                                timer0_set_compare_output_mode_A(TOGGLE_ON_MATCH);
 a24:	81 e0       	ldi	r24, 0x01	; 1
 a26:	0e 94 8f 03 	call	0x71e	; 0x71e <timer0_set_compare_output_mode_A>
}

static inline void timer0_set_counter_value_inline(uint8_t counter_value)
{
        timer0->counter = counter_value;
 a2a:	16 bc       	out	0x26, r1	; 38
                                timer0_set_counter_value_inline(0);

                                index = 0;
 a2c:	10 92 08 01 	sts	0x0108, r1	; 0x800108 <index+0x1>
 a30:	10 92 07 01 	sts	0x0107, r1	; 0x800107 <index>
                                timer1_set_compare_value_A_inline(pulse_sequence[index++]);
 a34:	80 91 07 01 	lds	r24, 0x0107	; 0x800107 <index>
 a38:	90 91 08 01 	lds	r25, 0x0108	; 0x800108 <index+0x1>
 a3c:	9c 01       	movw	r18, r24
 a3e:	2f 5f       	subi	r18, 0xFF	; 255
 a40:	3f 4f       	sbci	r19, 0xFF	; 255
 a42:	30 93 08 01 	sts	0x0108, r19	; 0x800108 <index+0x1>
 a46:	20 93 07 01 	sts	0x0107, r18	; 0x800107 <index>
 a4a:	88 0f       	add	r24, r24
 a4c:	99 1f       	adc	r25, r25
 a4e:	fc 01       	movw	r30, r24
 a50:	e6 5f       	subi	r30, 0xF6	; 246
 a52:	fe 4f       	sbci	r31, 0xFE	; 254
 a54:	80 81       	ld	r24, Z
 a56:	91 81       	ldd	r25, Z+1	; 0x01
        return timer1->input_capture;
}

static inline void timer1_set_compare_value_A_inline(uint16_t compare_value)
{
        timer1->output_compare_A = compare_value;
 a58:	90 93 89 00 	sts	0x0089, r25	; 0x800089 <__DATA_REGION_ORIGIN__+0x29>
 a5c:	80 93 88 00 	sts	0x0088, r24	; 0x800088 <__DATA_REGION_ORIGIN__+0x28>
        }
}

static inline void timer1_set_counter_value_inline(uint16_t counter_value)
{
        timer1->counter = counter_value;
 a60:	10 92 85 00 	sts	0x0085, r1	; 0x800085 <__DATA_REGION_ORIGIN__+0x25>
 a64:	10 92 84 00 	sts	0x0084, r1	; 0x800084 <__DATA_REGION_ORIGIN__+0x24>
                                timer1_set_counter_value_inline(0);
                                timer1_clear_interrupt_flag(COMPARE_MATCH_A);
 a68:	82 e0       	ldi	r24, 0x02	; 2
 a6a:	0e 94 7b 04 	call	0x8f6	; 0x8f6 <timer1_clear_interrupt_flag>
                                timer1_set_interrupt(COMPARE_MATCH_A);
 a6e:	82 e0       	ldi	r24, 0x02	; 2
 a70:	0e 94 53 04 	call	0x8a6	; 0x8a6 <timer1_set_interrupt>
                                
                                timer0_set_clock_source(PRESCALER_8);
 a74:	82 e0       	ldi	r24, 0x02	; 2
 a76:	0e 94 4b 03 	call	0x696	; 0x696 <timer0_set_clock_source>
                                timer1_set_clock_source(PRESCALER_8);
 a7a:	82 e0       	ldi	r24, 0x02	; 2
 a7c:	0e 94 1f 04 	call	0x83e	; 0x83e <timer1_set_clock_source>
                        }
                        if (gpio_read('D',3) == GPIO_HIGH)
 a80:	63 e0       	ldi	r22, 0x03	; 3
 a82:	84 e4       	ldi	r24, 0x44	; 68
 a84:	0e 94 c1 02 	call	0x582	; 0x582 <gpio_read>
 a88:	81 30       	cpi	r24, 0x01	; 1
 a8a:	09 f0       	breq	.+2      	; 0xa8e <main+0x156>
 a8c:	af cf       	rjmp	.-162    	; 0x9ec <main+0xb4>
                                playback_button_released = 1;
 a8e:	80 93 02 01 	sts	0x0102, r24	; 0x800102 <playback_button_released>
 a92:	ac cf       	rjmp	.-168    	; 0x9ec <main+0xb4>
                } else if (mode == RECORDING_MODE) {
 a94:	80 91 09 01 	lds	r24, 0x0109	; 0x800109 <mode>
 a98:	81 11       	cpse	r24, r1
 a9a:	a8 cf       	rjmp	.-176    	; 0x9ec <main+0xb4>
                        if (need_post_processing) {
 a9c:	80 91 04 01 	lds	r24, 0x0104	; 0x800104 <__data_end>
 aa0:	88 23       	and	r24, r24
 aa2:	71 f1       	breq	.+92     	; 0xb00 <main+0x1c8>
                                // process the signal data and store into eeprom
                                index_cap = index - 1;
 aa4:	80 91 07 01 	lds	r24, 0x0107	; 0x800107 <index>
 aa8:	90 91 08 01 	lds	r25, 0x0108	; 0x800108 <index+0x1>
 aac:	01 97       	sbiw	r24, 0x01	; 1
 aae:	90 93 06 01 	sts	0x0106, r25	; 0x800106 <index_cap+0x1>
 ab2:	80 93 05 01 	sts	0x0105, r24	; 0x800105 <index_cap>
                                
                                cli();
 ab6:	f8 94       	cli
                                uint16_t address = 0;
                                eeprom_write_word(address, index_cap);
 ab8:	60 91 05 01 	lds	r22, 0x0105	; 0x800105 <index_cap>
 abc:	70 91 06 01 	lds	r23, 0x0106	; 0x800106 <index_cap+0x1>
 ac0:	80 e0       	ldi	r24, 0x00	; 0
 ac2:	90 e0       	ldi	r25, 0x00	; 0
 ac4:	0e 94 27 03 	call	0x64e	; 0x64e <eeprom_write_word>
                                for (uint16_t j = 0; j < index_cap; j++) {
 ac8:	0a e0       	ldi	r16, 0x0A	; 10
 aca:	11 e0       	ldi	r17, 0x01	; 1
 acc:	c0 e0       	ldi	r28, 0x00	; 0
 ace:	d0 e0       	ldi	r29, 0x00	; 0
 ad0:	80 91 05 01 	lds	r24, 0x0105	; 0x800105 <index_cap>
 ad4:	90 91 06 01 	lds	r25, 0x0106	; 0x800106 <index_cap+0x1>
 ad8:	c8 17       	cp	r28, r24
 ada:	d9 07       	cpc	r29, r25
 adc:	70 f4       	brcc	.+28     	; 0xafa <main+0x1c2>
                                        pulse_sequence[j] = pulse_sequence[j+1];
 ade:	21 96       	adiw	r28, 0x01	; 1
 ae0:	f8 01       	movw	r30, r16
 ae2:	82 81       	ldd	r24, Z+2	; 0x02
 ae4:	93 81       	ldd	r25, Z+3	; 0x03
 ae6:	81 93       	st	Z+, r24
 ae8:	91 93       	st	Z+, r25
 aea:	8f 01       	movw	r16, r30
                                        address += 2;
                                        eeprom_write_word(address ,pulse_sequence[j+1]); 
 aec:	bc 01       	movw	r22, r24
 aee:	ce 01       	movw	r24, r28
 af0:	88 0f       	add	r24, r24
 af2:	99 1f       	adc	r25, r25
 af4:	0e 94 27 03 	call	0x64e	; 0x64e <eeprom_write_word>
 af8:	eb cf       	rjmp	.-42     	; 0xad0 <main+0x198>
                                }
                                sei();  
 afa:	78 94       	sei

                                need_post_processing = 0;
 afc:	10 92 04 01 	sts	0x0104, r1	; 0x800104 <__data_end>
                        }

                        if (gpio_read('D',2) == GPIO_LOW && record_done && record_button_released) {
 b00:	62 e0       	ldi	r22, 0x02	; 2
 b02:	84 e4       	ldi	r24, 0x44	; 68
 b04:	0e 94 c1 02 	call	0x582	; 0x582 <gpio_read>
 b08:	81 11       	cpse	r24, r1
 b0a:	2f c0       	rjmp	.+94     	; 0xb6a <main+0x232>
 b0c:	80 91 00 01 	lds	r24, 0x0100	; 0x800100 <__data_start>
 b10:	88 23       	and	r24, r24
 b12:	59 f1       	breq	.+86     	; 0xb6a <main+0x232>
 b14:	80 91 01 01 	lds	r24, 0x0101	; 0x800101 <record_button_released>
 b18:	88 23       	and	r24, r24
 b1a:	39 f1       	breq	.+78     	; 0xb6a <main+0x232>
                                record_done = 0;
 b1c:	10 92 00 01 	sts	0x0100, r1	; 0x800100 <__data_start>
                                index = 0;     
 b20:	10 92 08 01 	sts	0x0108, r1	; 0x800108 <index+0x1>
 b24:	10 92 07 01 	sts	0x0107, r1	; 0x800107 <index>
                                record_button_released = 0;   
 b28:	10 92 01 01 	sts	0x0101, r1	; 0x800101 <record_button_released>
                                // record led on
                                gpio_write('C',5,GPIO_LOW);
 b2c:	40 e0       	ldi	r20, 0x00	; 0
 b2e:	65 e0       	ldi	r22, 0x05	; 5
 b30:	83 e4       	ldi	r24, 0x43	; 67
 b32:	0e 94 6a 02 	call	0x4d4	; 0x4d4 <gpio_write>
                                gpio_write('C',4,GPIO_HIGH);
 b36:	41 e0       	ldi	r20, 0x01	; 1
 b38:	64 e0       	ldi	r22, 0x04	; 4
 b3a:	83 e4       	ldi	r24, 0x43	; 67
 b3c:	0e 94 6a 02 	call	0x4d4	; 0x4d4 <gpio_write>
 b40:	10 92 85 00 	sts	0x0085, r1	; 0x800085 <__DATA_REGION_ORIGIN__+0x25>
 b44:	10 92 84 00 	sts	0x0084, r1	; 0x800084 <__DATA_REGION_ORIGIN__+0x24>
 b48:	80 91 81 00 	lds	r24, 0x0081	; 0x800081 <__DATA_REGION_ORIGIN__+0x21>
 b4c:	8f 7b       	andi	r24, 0xBF	; 191
 b4e:	80 93 81 00 	sts	0x0081, r24	; 0x800081 <__DATA_REGION_ORIGIN__+0x21>
                                
                                timer1_set_counter_value_inline(0);
                                timer1_set_input_capture_edge_inline(FALLING_EDGE);
                                timer1_clear_interrupt_flag(OVERFLOW);
 b52:	80 e0       	ldi	r24, 0x00	; 0
 b54:	0e 94 7b 04 	call	0x8f6	; 0x8f6 <timer1_clear_interrupt_flag>
                                timer1_clear_interrupt_flag(INPUT_CAPTURE);
 b58:	84 e0       	ldi	r24, 0x04	; 4
 b5a:	0e 94 7b 04 	call	0x8f6	; 0x8f6 <timer1_clear_interrupt_flag>
                                timer1_set_interrupt(INPUT_CAPTURE);
 b5e:	84 e0       	ldi	r24, 0x04	; 4
 b60:	0e 94 53 04 	call	0x8a6	; 0x8a6 <timer1_set_interrupt>
                                timer1_set_interrupt(OVERFLOW);
 b64:	80 e0       	ldi	r24, 0x00	; 0
 b66:	0e 94 53 04 	call	0x8a6	; 0x8a6 <timer1_set_interrupt>
                        }
                        if (gpio_read('D',2) == GPIO_HIGH) 
 b6a:	62 e0       	ldi	r22, 0x02	; 2
 b6c:	84 e4       	ldi	r24, 0x44	; 68
 b6e:	0e 94 c1 02 	call	0x582	; 0x582 <gpio_read>
 b72:	81 30       	cpi	r24, 0x01	; 1
 b74:	09 f0       	breq	.+2      	; 0xb78 <main+0x240>
 b76:	3a cf       	rjmp	.-396    	; 0x9ec <main+0xb4>
                                record_button_released = 1;
 b78:	80 93 01 01 	sts	0x0101, r24	; 0x800101 <record_button_released>
 b7c:	37 cf       	rjmp	.-402    	; 0x9ec <main+0xb4>

00000b7e <__udivmodhi4>:
 b7e:	aa 1b       	sub	r26, r26
 b80:	bb 1b       	sub	r27, r27
 b82:	51 e1       	ldi	r21, 0x11	; 17
 b84:	07 c0       	rjmp	.+14     	; 0xb94 <__udivmodhi4_ep>

00000b86 <__udivmodhi4_loop>:
 b86:	aa 1f       	adc	r26, r26
 b88:	bb 1f       	adc	r27, r27
 b8a:	a6 17       	cp	r26, r22
 b8c:	b7 07       	cpc	r27, r23
 b8e:	10 f0       	brcs	.+4      	; 0xb94 <__udivmodhi4_ep>
 b90:	a6 1b       	sub	r26, r22
 b92:	b7 0b       	sbc	r27, r23

00000b94 <__udivmodhi4_ep>:
 b94:	88 1f       	adc	r24, r24
 b96:	99 1f       	adc	r25, r25
 b98:	5a 95       	dec	r21
 b9a:	a9 f7       	brne	.-22     	; 0xb86 <__udivmodhi4_loop>
 b9c:	80 95       	com	r24
 b9e:	90 95       	com	r25
 ba0:	bc 01       	movw	r22, r24
 ba2:	cd 01       	movw	r24, r26
 ba4:	08 95       	ret

00000ba6 <__udivmodsi4>:
 ba6:	a1 e2       	ldi	r26, 0x21	; 33
 ba8:	1a 2e       	mov	r1, r26
 baa:	aa 1b       	sub	r26, r26
 bac:	bb 1b       	sub	r27, r27
 bae:	fd 01       	movw	r30, r26
 bb0:	0d c0       	rjmp	.+26     	; 0xbcc <__udivmodsi4_ep>

00000bb2 <__udivmodsi4_loop>:
 bb2:	aa 1f       	adc	r26, r26
 bb4:	bb 1f       	adc	r27, r27
 bb6:	ee 1f       	adc	r30, r30
 bb8:	ff 1f       	adc	r31, r31
 bba:	a2 17       	cp	r26, r18
 bbc:	b3 07       	cpc	r27, r19
 bbe:	e4 07       	cpc	r30, r20
 bc0:	f5 07       	cpc	r31, r21
 bc2:	20 f0       	brcs	.+8      	; 0xbcc <__udivmodsi4_ep>
 bc4:	a2 1b       	sub	r26, r18
 bc6:	b3 0b       	sbc	r27, r19
 bc8:	e4 0b       	sbc	r30, r20
 bca:	f5 0b       	sbc	r31, r21

00000bcc <__udivmodsi4_ep>:
 bcc:	66 1f       	adc	r22, r22
 bce:	77 1f       	adc	r23, r23
 bd0:	88 1f       	adc	r24, r24
 bd2:	99 1f       	adc	r25, r25
 bd4:	1a 94       	dec	r1
 bd6:	69 f7       	brne	.-38     	; 0xbb2 <__udivmodsi4_loop>
 bd8:	60 95       	com	r22
 bda:	70 95       	com	r23
 bdc:	80 95       	com	r24
 bde:	90 95       	com	r25
 be0:	9b 01       	movw	r18, r22
 be2:	ac 01       	movw	r20, r24
 be4:	bd 01       	movw	r22, r26
 be6:	cf 01       	movw	r24, r30
 be8:	08 95       	ret

00000bea <_exit>:
 bea:	f8 94       	cli

00000bec <__stop_program>:
 bec:	ff cf       	rjmp	.-2      	; 0xbec <__stop_program>
